<?xml version="1.0" encoding="UTF-8"?>
<testsuite xmlns:xsi="http://www.w3.org/2001/XMLSchema-instance" xsi:noNamespaceSchemaLocation="https://maven.apache.org/surefire/maven-surefire-plugin/xsd/surefire-test-report.xsd" name="tn.esprit.spring.service.DeprtmentServiceImplTest" time="5.231" tests="5" errors="2" skipped="0" failures="1">
  <properties>
    <property name="sun.desktop" value="windows"/>
    <property name="awt.toolkit" value="sun.awt.windows.WToolkit"/>
    <property name="file.encoding.pkg" value="sun.io"/>
    <property name="java.specification.version" value="1.8"/>
    <property name="sun.cpu.isalist" value="amd64"/>
    <property name="sun.jnu.encoding" value="Cp1252"/>
    <property name="java.class.path" value="C:\Users\ahmed\Documents\workspace-sts-3.8.4.RELEASE\Timesheet\timesheet-ci\target\test-classes;C:\Users\ahmed\Documents\workspace-sts-3.8.4.RELEASE\Timesheet\timesheet-ci\target\classes;C:\Users\ahmed\.m2\repository\org\springframework\boot\spring-boot-devtools\2.3.5.RELEASE\spring-boot-devtools-2.3.5.RELEASE.jar;C:\Users\ahmed\.m2\repository\org\springframework\boot\spring-boot\2.3.5.RELEASE\spring-boot-2.3.5.RELEASE.jar;C:\Users\ahmed\.m2\repository\org\springframework\spring-context\5.2.10.RELEASE\spring-context-5.2.10.RELEASE.jar;C:\Users\ahmed\.m2\repository\org\springframework\boot\spring-boot-autoconfigure\2.3.5.RELEASE\spring-boot-autoconfigure-2.3.5.RELEASE.jar;C:\Users\ahmed\.m2\repository\org\springframework\boot\spring-boot-starter-data-jpa\2.3.5.RELEASE\spring-boot-starter-data-jpa-2.3.5.RELEASE.jar;C:\Users\ahmed\.m2\repository\org\springframework\boot\spring-boot-starter-aop\2.3.5.RELEASE\spring-boot-starter-aop-2.3.5.RELEASE.jar;C:\Users\ahmed\.m2\repository\org\springframework\spring-aop\5.2.10.RELEASE\spring-aop-5.2.10.RELEASE.jar;C:\Users\ahmed\.m2\repository\org\aspectj\aspectjweaver\1.9.6\aspectjweaver-1.9.6.jar;C:\Users\ahmed\.m2\repository\org\springframework\boot\spring-boot-starter-jdbc\2.3.5.RELEASE\spring-boot-starter-jdbc-2.3.5.RELEASE.jar;C:\Users\ahmed\.m2\repository\com\zaxxer\HikariCP\3.4.5\HikariCP-3.4.5.jar;C:\Users\ahmed\.m2\repository\org\springframework\spring-jdbc\5.2.10.RELEASE\spring-jdbc-5.2.10.RELEASE.jar;C:\Users\ahmed\.m2\repository\jakarta\transaction\jakarta.transaction-api\1.3.3\jakarta.transaction-api-1.3.3.jar;C:\Users\ahmed\.m2\repository\jakarta\persistence\jakarta.persistence-api\2.2.3\jakarta.persistence-api-2.2.3.jar;C:\Users\ahmed\.m2\repository\org\hibernate\hibernate-core\5.4.22.Final\hibernate-core-5.4.22.Final.jar;C:\Users\ahmed\.m2\repository\org\jboss\logging\jboss-logging\3.4.1.Final\jboss-logging-3.4.1.Final.jar;C:\Users\ahmed\.m2\repository\org\javassist\javassist\3.24.0-GA\javassist-3.24.0-GA.jar;C:\Users\ahmed\.m2\repository\net\bytebuddy\byte-buddy\1.10.17\byte-buddy-1.10.17.jar;C:\Users\ahmed\.m2\repository\antlr\antlr\2.7.7\antlr-2.7.7.jar;C:\Users\ahmed\.m2\repository\org\jboss\jandex\2.1.3.Final\jandex-2.1.3.Final.jar;C:\Users\ahmed\.m2\repository\com\fasterxml\classmate\1.5.1\classmate-1.5.1.jar;C:\Users\ahmed\.m2\repository\org\dom4j\dom4j\2.1.3\dom4j-2.1.3.jar;C:\Users\ahmed\.m2\repository\org\hibernate\common\hibernate-commons-annotations\5.1.0.Final\hibernate-commons-annotations-5.1.0.Final.jar;C:\Users\ahmed\.m2\repository\org\glassfish\jaxb\jaxb-runtime\2.3.3\jaxb-runtime-2.3.3.jar;C:\Users\ahmed\.m2\repository\org\glassfish\jaxb\txw2\2.3.3\txw2-2.3.3.jar;C:\Users\ahmed\.m2\repository\com\sun\istack\istack-commons-runtime\3.0.11\istack-commons-runtime-3.0.11.jar;C:\Users\ahmed\.m2\repository\com\sun\activation\jakarta.activation\1.2.2\jakarta.activation-1.2.2.jar;C:\Users\ahmed\.m2\repository\org\springframework\data\spring-data-jpa\2.3.5.RELEASE\spring-data-jpa-2.3.5.RELEASE.jar;C:\Users\ahmed\.m2\repository\org\springframework\data\spring-data-commons\2.3.5.RELEASE\spring-data-commons-2.3.5.RELEASE.jar;C:\Users\ahmed\.m2\repository\org\springframework\spring-orm\5.2.10.RELEASE\spring-orm-5.2.10.RELEASE.jar;C:\Users\ahmed\.m2\repository\org\springframework\spring-tx\5.2.10.RELEASE\spring-tx-5.2.10.RELEASE.jar;C:\Users\ahmed\.m2\repository\org\springframework\spring-beans\5.2.10.RELEASE\spring-beans-5.2.10.RELEASE.jar;C:\Users\ahmed\.m2\repository\org\slf4j\slf4j-api\1.7.30\slf4j-api-1.7.30.jar;C:\Users\ahmed\.m2\repository\org\springframework\spring-aspects\5.2.10.RELEASE\spring-aspects-5.2.10.RELEASE.jar;C:\Users\ahmed\.m2\repository\org\springframework\boot\spring-boot-starter-web\2.3.5.RELEASE\spring-boot-starter-web-2.3.5.RELEASE.jar;C:\Users\ahmed\.m2\repository\org\springframework\boot\spring-boot-starter\2.3.5.RELEASE\spring-boot-starter-2.3.5.RELEASE.jar;C:\Users\ahmed\.m2\repository\org\springframework\boot\spring-boot-starter-logging\2.3.5.RELEASE\spring-boot-starter-logging-2.3.5.RELEASE.jar;C:\Users\ahmed\.m2\repository\ch\qos\logback\logback-classic\1.2.3\logback-classic-1.2.3.jar;C:\Users\ahmed\.m2\repository\ch\qos\logback\logback-core\1.2.3\logback-core-1.2.3.jar;C:\Users\ahmed\.m2\repository\org\apache\logging\log4j\log4j-to-slf4j\2.13.3\log4j-to-slf4j-2.13.3.jar;C:\Users\ahmed\.m2\repository\org\apache\logging\log4j\log4j-api\2.13.3\log4j-api-2.13.3.jar;C:\Users\ahmed\.m2\repository\org\slf4j\jul-to-slf4j\1.7.30\jul-to-slf4j-1.7.30.jar;C:\Users\ahmed\.m2\repository\jakarta\annotation\jakarta.annotation-api\1.3.5\jakarta.annotation-api-1.3.5.jar;C:\Users\ahmed\.m2\repository\org\yaml\snakeyaml\1.26\snakeyaml-1.26.jar;C:\Users\ahmed\.m2\repository\org\springframework\boot\spring-boot-starter-json\2.3.5.RELEASE\spring-boot-starter-json-2.3.5.RELEASE.jar;C:\Users\ahmed\.m2\repository\com\fasterxml\jackson\core\jackson-databind\2.11.3\jackson-databind-2.11.3.jar;C:\Users\ahmed\.m2\repository\com\fasterxml\jackson\core\jackson-annotations\2.11.3\jackson-annotations-2.11.3.jar;C:\Users\ahmed\.m2\repository\com\fasterxml\jackson\core\jackson-core\2.11.3\jackson-core-2.11.3.jar;C:\Users\ahmed\.m2\repository\com\fasterxml\jackson\datatype\jackson-datatype-jdk8\2.11.3\jackson-datatype-jdk8-2.11.3.jar;C:\Users\ahmed\.m2\repository\com\fasterxml\jackson\datatype\jackson-datatype-jsr310\2.11.3\jackson-datatype-jsr310-2.11.3.jar;C:\Users\ahmed\.m2\repository\com\fasterxml\jackson\module\jackson-module-parameter-names\2.11.3\jackson-module-parameter-names-2.11.3.jar;C:\Users\ahmed\.m2\repository\org\springframework\boot\spring-boot-starter-tomcat\2.3.5.RELEASE\spring-boot-starter-tomcat-2.3.5.RELEASE.jar;C:\Users\ahmed\.m2\repository\org\apache\tomcat\embed\tomcat-embed-core\9.0.39\tomcat-embed-core-9.0.39.jar;C:\Users\ahmed\.m2\repository\org\apache\tomcat\embed\tomcat-embed-websocket\9.0.39\tomcat-embed-websocket-9.0.39.jar;C:\Users\ahmed\.m2\repository\org\springframework\spring-web\5.2.10.RELEASE\spring-web-5.2.10.RELEASE.jar;C:\Users\ahmed\.m2\repository\org\springframework\spring-webmvc\5.2.10.RELEASE\spring-webmvc-5.2.10.RELEASE.jar;C:\Users\ahmed\.m2\repository\org\springframework\spring-expression\5.2.10.RELEASE\spring-expression-5.2.10.RELEASE.jar;C:\Users\ahmed\.m2\repository\org\springframework\boot\spring-boot-starter-validation\2.3.5.RELEASE\spring-boot-starter-validation-2.3.5.RELEASE.jar;C:\Users\ahmed\.m2\repository\org\glassfish\jakarta.el\3.0.3\jakarta.el-3.0.3.jar;C:\Users\ahmed\.m2\repository\org\hibernate\validator\hibernate-validator\6.1.6.Final\hibernate-validator-6.1.6.Final.jar;C:\Users\ahmed\.m2\repository\jakarta\validation\jakarta.validation-api\2.0.2\jakarta.validation-api-2.0.2.jar;C:\Users\ahmed\.m2\repository\mysql\mysql-connector-java\8.0.22\mysql-connector-java-8.0.22.jar;C:\Users\ahmed\.m2\repository\org\springframework\boot\spring-boot-starter-test\2.3.5.RELEASE\spring-boot-starter-test-2.3.5.RELEASE.jar;C:\Users\ahmed\.m2\repository\org\springframework\boot\spring-boot-test\2.3.5.RELEASE\spring-boot-test-2.3.5.RELEASE.jar;C:\Users\ahmed\.m2\repository\org\springframework\boot\spring-boot-test-autoconfigure\2.3.5.RELEASE\spring-boot-test-autoconfigure-2.3.5.RELEASE.jar;C:\Users\ahmed\.m2\repository\com\jayway\jsonpath\json-path\2.4.0\json-path-2.4.0.jar;C:\Users\ahmed\.m2\repository\net\minidev\json-smart\2.3\json-smart-2.3.jar;C:\Users\ahmed\.m2\repository\net\minidev\accessors-smart\1.2\accessors-smart-1.2.jar;C:\Users\ahmed\.m2\repository\org\ow2\asm\asm\5.0.4\asm-5.0.4.jar;C:\Users\ahmed\.m2\repository\jakarta\xml\bind\jakarta.xml.bind-api\2.3.3\jakarta.xml.bind-api-2.3.3.jar;C:\Users\ahmed\.m2\repository\jakarta\activation\jakarta.activation-api\1.2.2\jakarta.activation-api-1.2.2.jar;C:\Users\ahmed\.m2\repository\org\assertj\assertj-core\3.16.1\assertj-core-3.16.1.jar;C:\Users\ahmed\.m2\repository\org\hamcrest\hamcrest\2.2\hamcrest-2.2.jar;C:\Users\ahmed\.m2\repository\org\junit\jupiter\junit-jupiter\5.6.3\junit-jupiter-5.6.3.jar;C:\Users\ahmed\.m2\repository\org\junit\jupiter\junit-jupiter-api\5.6.3\junit-jupiter-api-5.6.3.jar;C:\Users\ahmed\.m2\repository\org\opentest4j\opentest4j\1.2.0\opentest4j-1.2.0.jar;C:\Users\ahmed\.m2\repository\org\junit\platform\junit-platform-commons\1.6.3\junit-platform-commons-1.6.3.jar;C:\Users\ahmed\.m2\repository\org\junit\jupiter\junit-jupiter-params\5.6.3\junit-jupiter-params-5.6.3.jar;C:\Users\ahmed\.m2\repository\org\junit\jupiter\junit-jupiter-engine\5.6.3\junit-jupiter-engine-5.6.3.jar;C:\Users\ahmed\.m2\repository\org\junit\vintage\junit-vintage-engine\5.6.3\junit-vintage-engine-5.6.3.jar;C:\Users\ahmed\.m2\repository\org\apiguardian\apiguardian-api\1.1.0\apiguardian-api-1.1.0.jar;C:\Users\ahmed\.m2\repository\org\junit\platform\junit-platform-engine\1.6.3\junit-platform-engine-1.6.3.jar;C:\Users\ahmed\.m2\repository\junit\junit\4.13.1\junit-4.13.1.jar;C:\Users\ahmed\.m2\repository\org\mockito\mockito-core\3.3.3\mockito-core-3.3.3.jar;C:\Users\ahmed\.m2\repository\net\bytebuddy\byte-buddy-agent\1.10.17\byte-buddy-agent-1.10.17.jar;C:\Users\ahmed\.m2\repository\org\objenesis\objenesis\2.6\objenesis-2.6.jar;C:\Users\ahmed\.m2\repository\org\mockito\mockito-junit-jupiter\3.3.3\mockito-junit-jupiter-3.3.3.jar;C:\Users\ahmed\.m2\repository\org\skyscreamer\jsonassert\1.5.0\jsonassert-1.5.0.jar;C:\Users\ahmed\.m2\repository\com\vaadin\external\google\android-json\0.0.20131108.vaadin1\android-json-0.0.20131108.vaadin1.jar;C:\Users\ahmed\.m2\repository\org\springframework\spring-core\5.2.10.RELEASE\spring-core-5.2.10.RELEASE.jar;C:\Users\ahmed\.m2\repository\org\springframework\spring-jcl\5.2.10.RELEASE\spring-jcl-5.2.10.RELEASE.jar;C:\Users\ahmed\.m2\repository\org\springframework\spring-test\5.2.10.RELEASE\spring-test-5.2.10.RELEASE.jar;C:\Users\ahmed\.m2\repository\org\xmlunit\xmlunit-core\2.7.0\xmlunit-core-2.7.0.jar;"/>
    <property name="java.vm.vendor" value="Oracle Corporation"/>
    <property name="sun.arch.data.model" value="64"/>
    <property name="user.variant" value=""/>
    <property name="java.vendor.url" value="http://java.oracle.com/"/>
    <property name="user.timezone" value="Africa/Luanda"/>
    <property name="java.vm.specification.version" value="1.8"/>
    <property name="os.name" value="Windows 10"/>
    <property name="user.country" value="GB"/>
    <property name="sun.java.launcher" value="SUN_STANDARD"/>
    <property name="sun.boot.library.path" value="C:\Program Files\Java\jdk1.8.0_301\jre\bin"/>
    <property name="sun.java.command" value="C:\Users\ahmed\AppData\Local\Temp\surefire43081240166957025\surefirebooter1602798642757436509.jar C:\Users\ahmed\AppData\Local\Temp\surefire43081240166957025 2021-10-24T14-03-31_845-jvmRun1 surefire6072358028685282683tmp surefire_02276279970159247233tmp"/>
    <property name="surefire.test.class.path" value="C:\Users\ahmed\Documents\workspace-sts-3.8.4.RELEASE\Timesheet\timesheet-ci\target\test-classes;C:\Users\ahmed\Documents\workspace-sts-3.8.4.RELEASE\Timesheet\timesheet-ci\target\classes;C:\Users\ahmed\.m2\repository\org\springframework\boot\spring-boot-devtools\2.3.5.RELEASE\spring-boot-devtools-2.3.5.RELEASE.jar;C:\Users\ahmed\.m2\repository\org\springframework\boot\spring-boot\2.3.5.RELEASE\spring-boot-2.3.5.RELEASE.jar;C:\Users\ahmed\.m2\repository\org\springframework\spring-context\5.2.10.RELEASE\spring-context-5.2.10.RELEASE.jar;C:\Users\ahmed\.m2\repository\org\springframework\boot\spring-boot-autoconfigure\2.3.5.RELEASE\spring-boot-autoconfigure-2.3.5.RELEASE.jar;C:\Users\ahmed\.m2\repository\org\springframework\boot\spring-boot-starter-data-jpa\2.3.5.RELEASE\spring-boot-starter-data-jpa-2.3.5.RELEASE.jar;C:\Users\ahmed\.m2\repository\org\springframework\boot\spring-boot-starter-aop\2.3.5.RELEASE\spring-boot-starter-aop-2.3.5.RELEASE.jar;C:\Users\ahmed\.m2\repository\org\springframework\spring-aop\5.2.10.RELEASE\spring-aop-5.2.10.RELEASE.jar;C:\Users\ahmed\.m2\repository\org\aspectj\aspectjweaver\1.9.6\aspectjweaver-1.9.6.jar;C:\Users\ahmed\.m2\repository\org\springframework\boot\spring-boot-starter-jdbc\2.3.5.RELEASE\spring-boot-starter-jdbc-2.3.5.RELEASE.jar;C:\Users\ahmed\.m2\repository\com\zaxxer\HikariCP\3.4.5\HikariCP-3.4.5.jar;C:\Users\ahmed\.m2\repository\org\springframework\spring-jdbc\5.2.10.RELEASE\spring-jdbc-5.2.10.RELEASE.jar;C:\Users\ahmed\.m2\repository\jakarta\transaction\jakarta.transaction-api\1.3.3\jakarta.transaction-api-1.3.3.jar;C:\Users\ahmed\.m2\repository\jakarta\persistence\jakarta.persistence-api\2.2.3\jakarta.persistence-api-2.2.3.jar;C:\Users\ahmed\.m2\repository\org\hibernate\hibernate-core\5.4.22.Final\hibernate-core-5.4.22.Final.jar;C:\Users\ahmed\.m2\repository\org\jboss\logging\jboss-logging\3.4.1.Final\jboss-logging-3.4.1.Final.jar;C:\Users\ahmed\.m2\repository\org\javassist\javassist\3.24.0-GA\javassist-3.24.0-GA.jar;C:\Users\ahmed\.m2\repository\net\bytebuddy\byte-buddy\1.10.17\byte-buddy-1.10.17.jar;C:\Users\ahmed\.m2\repository\antlr\antlr\2.7.7\antlr-2.7.7.jar;C:\Users\ahmed\.m2\repository\org\jboss\jandex\2.1.3.Final\jandex-2.1.3.Final.jar;C:\Users\ahmed\.m2\repository\com\fasterxml\classmate\1.5.1\classmate-1.5.1.jar;C:\Users\ahmed\.m2\repository\org\dom4j\dom4j\2.1.3\dom4j-2.1.3.jar;C:\Users\ahmed\.m2\repository\org\hibernate\common\hibernate-commons-annotations\5.1.0.Final\hibernate-commons-annotations-5.1.0.Final.jar;C:\Users\ahmed\.m2\repository\org\glassfish\jaxb\jaxb-runtime\2.3.3\jaxb-runtime-2.3.3.jar;C:\Users\ahmed\.m2\repository\org\glassfish\jaxb\txw2\2.3.3\txw2-2.3.3.jar;C:\Users\ahmed\.m2\repository\com\sun\istack\istack-commons-runtime\3.0.11\istack-commons-runtime-3.0.11.jar;C:\Users\ahmed\.m2\repository\com\sun\activation\jakarta.activation\1.2.2\jakarta.activation-1.2.2.jar;C:\Users\ahmed\.m2\repository\org\springframework\data\spring-data-jpa\2.3.5.RELEASE\spring-data-jpa-2.3.5.RELEASE.jar;C:\Users\ahmed\.m2\repository\org\springframework\data\spring-data-commons\2.3.5.RELEASE\spring-data-commons-2.3.5.RELEASE.jar;C:\Users\ahmed\.m2\repository\org\springframework\spring-orm\5.2.10.RELEASE\spring-orm-5.2.10.RELEASE.jar;C:\Users\ahmed\.m2\repository\org\springframework\spring-tx\5.2.10.RELEASE\spring-tx-5.2.10.RELEASE.jar;C:\Users\ahmed\.m2\repository\org\springframework\spring-beans\5.2.10.RELEASE\spring-beans-5.2.10.RELEASE.jar;C:\Users\ahmed\.m2\repository\org\slf4j\slf4j-api\1.7.30\slf4j-api-1.7.30.jar;C:\Users\ahmed\.m2\repository\org\springframework\spring-aspects\5.2.10.RELEASE\spring-aspects-5.2.10.RELEASE.jar;C:\Users\ahmed\.m2\repository\org\springframework\boot\spring-boot-starter-web\2.3.5.RELEASE\spring-boot-starter-web-2.3.5.RELEASE.jar;C:\Users\ahmed\.m2\repository\org\springframework\boot\spring-boot-starter\2.3.5.RELEASE\spring-boot-starter-2.3.5.RELEASE.jar;C:\Users\ahmed\.m2\repository\org\springframework\boot\spring-boot-starter-logging\2.3.5.RELEASE\spring-boot-starter-logging-2.3.5.RELEASE.jar;C:\Users\ahmed\.m2\repository\ch\qos\logback\logback-classic\1.2.3\logback-classic-1.2.3.jar;C:\Users\ahmed\.m2\repository\ch\qos\logback\logback-core\1.2.3\logback-core-1.2.3.jar;C:\Users\ahmed\.m2\repository\org\apache\logging\log4j\log4j-to-slf4j\2.13.3\log4j-to-slf4j-2.13.3.jar;C:\Users\ahmed\.m2\repository\org\apache\logging\log4j\log4j-api\2.13.3\log4j-api-2.13.3.jar;C:\Users\ahmed\.m2\repository\org\slf4j\jul-to-slf4j\1.7.30\jul-to-slf4j-1.7.30.jar;C:\Users\ahmed\.m2\repository\jakarta\annotation\jakarta.annotation-api\1.3.5\jakarta.annotation-api-1.3.5.jar;C:\Users\ahmed\.m2\repository\org\yaml\snakeyaml\1.26\snakeyaml-1.26.jar;C:\Users\ahmed\.m2\repository\org\springframework\boot\spring-boot-starter-json\2.3.5.RELEASE\spring-boot-starter-json-2.3.5.RELEASE.jar;C:\Users\ahmed\.m2\repository\com\fasterxml\jackson\core\jackson-databind\2.11.3\jackson-databind-2.11.3.jar;C:\Users\ahmed\.m2\repository\com\fasterxml\jackson\core\jackson-annotations\2.11.3\jackson-annotations-2.11.3.jar;C:\Users\ahmed\.m2\repository\com\fasterxml\jackson\core\jackson-core\2.11.3\jackson-core-2.11.3.jar;C:\Users\ahmed\.m2\repository\com\fasterxml\jackson\datatype\jackson-datatype-jdk8\2.11.3\jackson-datatype-jdk8-2.11.3.jar;C:\Users\ahmed\.m2\repository\com\fasterxml\jackson\datatype\jackson-datatype-jsr310\2.11.3\jackson-datatype-jsr310-2.11.3.jar;C:\Users\ahmed\.m2\repository\com\fasterxml\jackson\module\jackson-module-parameter-names\2.11.3\jackson-module-parameter-names-2.11.3.jar;C:\Users\ahmed\.m2\repository\org\springframework\boot\spring-boot-starter-tomcat\2.3.5.RELEASE\spring-boot-starter-tomcat-2.3.5.RELEASE.jar;C:\Users\ahmed\.m2\repository\org\apache\tomcat\embed\tomcat-embed-core\9.0.39\tomcat-embed-core-9.0.39.jar;C:\Users\ahmed\.m2\repository\org\apache\tomcat\embed\tomcat-embed-websocket\9.0.39\tomcat-embed-websocket-9.0.39.jar;C:\Users\ahmed\.m2\repository\org\springframework\spring-web\5.2.10.RELEASE\spring-web-5.2.10.RELEASE.jar;C:\Users\ahmed\.m2\repository\org\springframework\spring-webmvc\5.2.10.RELEASE\spring-webmvc-5.2.10.RELEASE.jar;C:\Users\ahmed\.m2\repository\org\springframework\spring-expression\5.2.10.RELEASE\spring-expression-5.2.10.RELEASE.jar;C:\Users\ahmed\.m2\repository\org\springframework\boot\spring-boot-starter-validation\2.3.5.RELEASE\spring-boot-starter-validation-2.3.5.RELEASE.jar;C:\Users\ahmed\.m2\repository\org\glassfish\jakarta.el\3.0.3\jakarta.el-3.0.3.jar;C:\Users\ahmed\.m2\repository\org\hibernate\validator\hibernate-validator\6.1.6.Final\hibernate-validator-6.1.6.Final.jar;C:\Users\ahmed\.m2\repository\jakarta\validation\jakarta.validation-api\2.0.2\jakarta.validation-api-2.0.2.jar;C:\Users\ahmed\.m2\repository\mysql\mysql-connector-java\8.0.22\mysql-connector-java-8.0.22.jar;C:\Users\ahmed\.m2\repository\org\springframework\boot\spring-boot-starter-test\2.3.5.RELEASE\spring-boot-starter-test-2.3.5.RELEASE.jar;C:\Users\ahmed\.m2\repository\org\springframework\boot\spring-boot-test\2.3.5.RELEASE\spring-boot-test-2.3.5.RELEASE.jar;C:\Users\ahmed\.m2\repository\org\springframework\boot\spring-boot-test-autoconfigure\2.3.5.RELEASE\spring-boot-test-autoconfigure-2.3.5.RELEASE.jar;C:\Users\ahmed\.m2\repository\com\jayway\jsonpath\json-path\2.4.0\json-path-2.4.0.jar;C:\Users\ahmed\.m2\repository\net\minidev\json-smart\2.3\json-smart-2.3.jar;C:\Users\ahmed\.m2\repository\net\minidev\accessors-smart\1.2\accessors-smart-1.2.jar;C:\Users\ahmed\.m2\repository\org\ow2\asm\asm\5.0.4\asm-5.0.4.jar;C:\Users\ahmed\.m2\repository\jakarta\xml\bind\jakarta.xml.bind-api\2.3.3\jakarta.xml.bind-api-2.3.3.jar;C:\Users\ahmed\.m2\repository\jakarta\activation\jakarta.activation-api\1.2.2\jakarta.activation-api-1.2.2.jar;C:\Users\ahmed\.m2\repository\org\assertj\assertj-core\3.16.1\assertj-core-3.16.1.jar;C:\Users\ahmed\.m2\repository\org\hamcrest\hamcrest\2.2\hamcrest-2.2.jar;C:\Users\ahmed\.m2\repository\org\junit\jupiter\junit-jupiter\5.6.3\junit-jupiter-5.6.3.jar;C:\Users\ahmed\.m2\repository\org\junit\jupiter\junit-jupiter-api\5.6.3\junit-jupiter-api-5.6.3.jar;C:\Users\ahmed\.m2\repository\org\opentest4j\opentest4j\1.2.0\opentest4j-1.2.0.jar;C:\Users\ahmed\.m2\repository\org\junit\platform\junit-platform-commons\1.6.3\junit-platform-commons-1.6.3.jar;C:\Users\ahmed\.m2\repository\org\junit\jupiter\junit-jupiter-params\5.6.3\junit-jupiter-params-5.6.3.jar;C:\Users\ahmed\.m2\repository\org\junit\jupiter\junit-jupiter-engine\5.6.3\junit-jupiter-engine-5.6.3.jar;C:\Users\ahmed\.m2\repository\org\junit\vintage\junit-vintage-engine\5.6.3\junit-vintage-engine-5.6.3.jar;C:\Users\ahmed\.m2\repository\org\apiguardian\apiguardian-api\1.1.0\apiguardian-api-1.1.0.jar;C:\Users\ahmed\.m2\repository\org\junit\platform\junit-platform-engine\1.6.3\junit-platform-engine-1.6.3.jar;C:\Users\ahmed\.m2\repository\junit\junit\4.13.1\junit-4.13.1.jar;C:\Users\ahmed\.m2\repository\org\mockito\mockito-core\3.3.3\mockito-core-3.3.3.jar;C:\Users\ahmed\.m2\repository\net\bytebuddy\byte-buddy-agent\1.10.17\byte-buddy-agent-1.10.17.jar;C:\Users\ahmed\.m2\repository\org\objenesis\objenesis\2.6\objenesis-2.6.jar;C:\Users\ahmed\.m2\repository\org\mockito\mockito-junit-jupiter\3.3.3\mockito-junit-jupiter-3.3.3.jar;C:\Users\ahmed\.m2\repository\org\skyscreamer\jsonassert\1.5.0\jsonassert-1.5.0.jar;C:\Users\ahmed\.m2\repository\com\vaadin\external\google\android-json\0.0.20131108.vaadin1\android-json-0.0.20131108.vaadin1.jar;C:\Users\ahmed\.m2\repository\org\springframework\spring-core\5.2.10.RELEASE\spring-core-5.2.10.RELEASE.jar;C:\Users\ahmed\.m2\repository\org\springframework\spring-jcl\5.2.10.RELEASE\spring-jcl-5.2.10.RELEASE.jar;C:\Users\ahmed\.m2\repository\org\springframework\spring-test\5.2.10.RELEASE\spring-test-5.2.10.RELEASE.jar;C:\Users\ahmed\.m2\repository\org\xmlunit\xmlunit-core\2.7.0\xmlunit-core-2.7.0.jar;"/>
    <property name="sun.cpu.endian" value="little"/>
    <property name="user.home" value="C:\Users\ahmed"/>
    <property name="user.language" value="en"/>
    <property name="java.specification.vendor" value="Oracle Corporation"/>
    <property name="java.home" value="C:\Program Files\Java\jdk1.8.0_301\jre"/>
    <property name="basedir" value="C:\Users\ahmed\Documents\workspace-sts-3.8.4.RELEASE\Timesheet\timesheet-ci"/>
    <property name="file.separator" value="\"/>
    <property name="line.separator" value="&#10;"/>
    <property name="java.vm.specification.vendor" value="Oracle Corporation"/>
    <property name="java.specification.name" value="Java Platform API Specification"/>
    <property name="java.awt.graphicsenv" value="sun.awt.Win32GraphicsEnvironment"/>
    <property name="surefire.real.class.path" value="C:\Users\ahmed\AppData\Local\Temp\surefire43081240166957025\surefirebooter1602798642757436509.jar;C:\\Users\\ahmed\\.m2\\repository\\org\\jacoco\\org.jacoco.agent\\0.8.3\\org.jacoco.agent-0.8.3-runtime.jar"/>
    <property name="sun.boot.class.path" value="C:\Program Files\Java\jdk1.8.0_301\jre\lib\resources.jar;C:\Program Files\Java\jdk1.8.0_301\jre\lib\rt.jar;C:\Program Files\Java\jdk1.8.0_301\jre\lib\sunrsasign.jar;C:\Program Files\Java\jdk1.8.0_301\jre\lib\jsse.jar;C:\Program Files\Java\jdk1.8.0_301\jre\lib\jce.jar;C:\Program Files\Java\jdk1.8.0_301\jre\lib\charsets.jar;C:\Program Files\Java\jdk1.8.0_301\jre\lib\jfr.jar;C:\Program Files\Java\jdk1.8.0_301\jre\classes"/>
    <property name="user.script" value=""/>
    <property name="sun.management.compiler" value="HotSpot 64-Bit Tiered Compilers"/>
    <property name="java.runtime.version" value="1.8.0_301-b09"/>
    <property name="user.name" value="ahmed"/>
    <property name="path.separator" value=";"/>
    <property name="os.version" value="10.0"/>
    <property name="java.endorsed.dirs" value="C:\Program Files\Java\jdk1.8.0_301\jre\lib\endorsed"/>
    <property name="java.runtime.name" value="Java(TM) SE Runtime Environment"/>
    <property name="file.encoding" value="Cp1252"/>
    <property name="java.vm.name" value="Java HotSpot(TM) 64-Bit Server VM"/>
    <property name="localRepository" value="C:\Users\ahmed\.m2\repository"/>
    <property name="java.vendor.url.bug" value="http://bugreport.sun.com/bugreport/"/>
    <property name="java.io.tmpdir" value="C:\Users\ahmed\AppData\Local\Temp\"/>
    <property name="java.version" value="1.8.0_301"/>
    <property name="user.dir" value="C:\Users\ahmed\Documents\workspace-sts-3.8.4.RELEASE\Timesheet\timesheet-ci"/>
    <property name="os.arch" value="amd64"/>
    <property name="java.vm.specification.name" value="Java Virtual Machine Specification"/>
    <property name="java.awt.printerjob" value="sun.awt.windows.WPrinterJob"/>
    <property name="sun.os.patch.level" value=""/>
    <property name="java.library.path" value="C:\Program Files\Java\jdk1.8.0_301\jre\bin;C:\Windows\Sun\Java\bin;C:\Windows\system32;C:\Windows;C:/Program Files/Java/jre1.8.0_301/bin/server;C:/Program Files/Java/jre1.8.0_301/bin;C:/Program Files/Java/jre1.8.0_301/lib/amd64;C:\Program Files (x86)\Common Files\Oracle\Java\javapath;C:\Program Files (x86)\VMware\VMware Player\bin\;C:\Windows\system32;C:\Windows;C:\Windows\System32\Wbem;C:\Windows\System32\WindowsPowerShell\v1.0\;C:\Windows\System32\OpenSSH\;C:\Program Files (x86)\NVIDIA Corporation\PhysX\Common;C:\Program Files\NVIDIA Corporation\NVIDIA NvDLISR;C:\Program Files\Microsoft VS Code\bin;C:\Program Files\Java\jdk1.8.0_301\bin;C:\Program Files\Git\cmd;C:\Users\ahmed\AppData\Local\Microsoft\WindowsApps;C:\Users\ahmed\AppData\Local\GitHubDesktop\bin;C:\Users\ahmed\AppData\Local\atom\bin;C:\sts-bundle\sts-3.8.4.RELEASE;;."/>
    <property name="java.vm.info" value="mixed mode"/>
    <property name="java.vendor" value="Oracle Corporation"/>
    <property name="java.vm.version" value="25.301-b09"/>
    <property name="java.ext.dirs" value="C:\Program Files\Java\jdk1.8.0_301\jre\lib\ext;C:\Windows\Sun\Java\lib\ext"/>
    <property name="sun.io.unicode.encoding" value="UnicodeLittle"/>
    <property name="java.class.version" value="52.0"/>
  </properties>
  <testcase name="testDeleteDepartment" classname="tn.esprit.spring.service.DeprtmentServiceImplTest" time="0.149">
    <error message="No class tn.esprit.spring.entities.Departement entity with id 2 exists!" type="org.springframework.dao.EmptyResultDataAccessException">org.springframework.dao.EmptyResultDataAccessException: No class tn.esprit.spring.entities.Departement entity with id 2 exists!
	at tn.esprit.spring.service.DeprtmentServiceImplTest.testDeleteDepartment(DeprtmentServiceImplTest.java:56)
</error>
    <system-out><![CDATA[14:03:35.879 [main] DEBUG org.springframework.test.context.junit4.SpringJUnit4ClassRunner - SpringJUnit4ClassRunner constructor called with [class tn.esprit.spring.service.DeprtmentServiceImplTest]
14:03:35.885 [main] DEBUG org.springframework.test.context.BootstrapUtils - Instantiating CacheAwareContextLoaderDelegate from class [org.springframework.test.context.cache.DefaultCacheAwareContextLoaderDelegate]
14:03:35.899 [main] DEBUG org.springframework.test.context.BootstrapUtils - Instantiating BootstrapContext using constructor [public org.springframework.test.context.support.DefaultBootstrapContext(java.lang.Class,org.springframework.test.context.CacheAwareContextLoaderDelegate)]
14:03:35.940 [main] DEBUG org.springframework.test.context.BootstrapUtils - Instantiating TestContextBootstrapper for test class [tn.esprit.spring.service.DeprtmentServiceImplTest] from class [org.springframework.boot.test.context.SpringBootTestContextBootstrapper]
14:03:35.963 [main] INFO org.springframework.boot.test.context.SpringBootTestContextBootstrapper - Neither @ContextConfiguration nor @ContextHierarchy found for test class [tn.esprit.spring.service.DeprtmentServiceImplTest], using SpringBootContextLoader
14:03:35.969 [main] DEBUG org.springframework.test.context.support.AbstractContextLoader - Did not detect default resource location for test class [tn.esprit.spring.service.DeprtmentServiceImplTest]: class path resource [tn/esprit/spring/service/DeprtmentServiceImplTest-context.xml] does not exist
14:03:35.969 [main] DEBUG org.springframework.test.context.support.AbstractContextLoader - Did not detect default resource location for test class [tn.esprit.spring.service.DeprtmentServiceImplTest]: class path resource [tn/esprit/spring/service/DeprtmentServiceImplTestContext.groovy] does not exist
14:03:35.969 [main] INFO org.springframework.test.context.support.AbstractContextLoader - Could not detect default resource locations for test class [tn.esprit.spring.service.DeprtmentServiceImplTest]: no resource found for suffixes {-context.xml, Context.groovy}.
14:03:35.970 [main] INFO org.springframework.test.context.support.AnnotationConfigContextLoaderUtils - Could not detect default configuration classes for test class [tn.esprit.spring.service.DeprtmentServiceImplTest]: DeprtmentServiceImplTest does not declare any static, non-private, non-final, nested classes annotated with @Configuration.
14:03:36.022 [main] DEBUG org.springframework.test.context.support.ActiveProfilesUtils - Could not find an 'annotation declaring class' for annotation type [org.springframework.test.context.ActiveProfiles] and class [tn.esprit.spring.service.DeprtmentServiceImplTest]
14:03:36.114 [main] DEBUG org.springframework.context.annotation.ClassPathScanningCandidateComponentProvider - Identified candidate component class: file [C:\Users\ahmed\Documents\workspace-sts-3.8.4.RELEASE\Timesheet\timesheet-ci\target\classes\tn\esprit\spring\TimesheetApplication.class]
14:03:36.115 [main] INFO org.springframework.boot.test.context.SpringBootTestContextBootstrapper - Found @SpringBootConfiguration tn.esprit.spring.TimesheetApplication for test class tn.esprit.spring.service.DeprtmentServiceImplTest
14:03:36.245 [main] DEBUG org.springframework.boot.test.context.SpringBootTestContextBootstrapper - @TestExecutionListeners is not present for class [tn.esprit.spring.service.DeprtmentServiceImplTest]: using defaults.
14:03:36.245 [main] INFO org.springframework.boot.test.context.SpringBootTestContextBootstrapper - Loaded default TestExecutionListener class names from location [META-INF/spring.factories]: [org.springframework.boot.test.mock.mockito.MockitoTestExecutionListener, org.springframework.boot.test.mock.mockito.ResetMocksTestExecutionListener, org.springframework.boot.test.autoconfigure.restdocs.RestDocsTestExecutionListener, org.springframework.boot.test.autoconfigure.web.client.MockRestServiceServerResetTestExecutionListener, org.springframework.boot.test.autoconfigure.web.servlet.MockMvcPrintOnlyOnFailureTestExecutionListener, org.springframework.boot.test.autoconfigure.web.servlet.WebDriverTestExecutionListener, org.springframework.boot.test.autoconfigure.webservices.client.MockWebServiceServerTestExecutionListener, org.springframework.test.context.web.ServletTestExecutionListener, org.springframework.test.context.support.DirtiesContextBeforeModesTestExecutionListener, org.springframework.test.context.support.DependencyInjectionTestExecutionListener, org.springframework.test.context.support.DirtiesContextTestExecutionListener, org.springframework.test.context.transaction.TransactionalTestExecutionListener, org.springframework.test.context.jdbc.SqlScriptsTestExecutionListener, org.springframework.test.context.event.EventPublishingTestExecutionListener]
14:03:36.268 [main] INFO org.springframework.boot.test.context.SpringBootTestContextBootstrapper - Using TestExecutionListeners: [org.springframework.test.context.web.ServletTestExecutionListener@3c09a350, org.springframework.test.context.support.DirtiesContextBeforeModesTestExecutionListener@592a1882, org.springframework.boot.test.mock.mockito.MockitoTestExecutionListener@48368a08, org.springframework.boot.test.autoconfigure.SpringBootDependencyInjectionTestExecutionListener@41a23470, org.springframework.test.context.support.DirtiesContextTestExecutionListener@30c01c37, org.springframework.test.context.transaction.TransactionalTestExecutionListener@39a7eca5, org.springframework.test.context.jdbc.SqlScriptsTestExecutionListener@45bd4753, org.springframework.test.context.event.EventPublishingTestExecutionListener@156cfa20, org.springframework.boot.test.mock.mockito.ResetMocksTestExecutionListener@25fd6d1e, org.springframework.boot.test.autoconfigure.restdocs.RestDocsTestExecutionListener@23396fc0, org.springframework.boot.test.autoconfigure.web.client.MockRestServiceServerResetTestExecutionListener@c11332b, org.springframework.boot.test.autoconfigure.web.servlet.MockMvcPrintOnlyOnFailureTestExecutionListener@7e5e6573, org.springframework.boot.test.autoconfigure.web.servlet.WebDriverTestExecutionListener@3005623b, org.springframework.boot.test.autoconfigure.webservices.client.MockWebServiceServerTestExecutionListener@58aa5c94]
14:03:36.271 [main] DEBUG org.springframework.test.annotation.ProfileValueUtils - Retrieved @ProfileValueSourceConfiguration [null] for test class [tn.esprit.spring.service.DeprtmentServiceImplTest]
14:03:36.271 [main] DEBUG org.springframework.test.annotation.ProfileValueUtils - Retrieved ProfileValueSource type [class org.springframework.test.annotation.SystemProfileValueSource] for class [tn.esprit.spring.service.DeprtmentServiceImplTest]
14:03:36.273 [main] DEBUG org.springframework.test.annotation.ProfileValueUtils - Retrieved @ProfileValueSourceConfiguration [null] for test class [tn.esprit.spring.service.DeprtmentServiceImplTest]
14:03:36.273 [main] DEBUG org.springframework.test.annotation.ProfileValueUtils - Retrieved ProfileValueSource type [class org.springframework.test.annotation.SystemProfileValueSource] for class [tn.esprit.spring.service.DeprtmentServiceImplTest]
14:03:36.276 [main] DEBUG org.springframework.test.annotation.ProfileValueUtils - Retrieved @ProfileValueSourceConfiguration [null] for test class [tn.esprit.spring.service.DeprtmentServiceImplTest]
14:03:36.277 [main] DEBUG org.springframework.test.annotation.ProfileValueUtils - Retrieved ProfileValueSource type [class org.springframework.test.annotation.SystemProfileValueSource] for class [tn.esprit.spring.service.DeprtmentServiceImplTest]
14:03:36.303 [main] DEBUG org.springframework.test.context.junit4.SpringJUnit4ClassRunner - SpringJUnit4ClassRunner constructor called with [class tn.esprit.spring.service.EmployeServiceImplTest]
14:03:36.303 [main] DEBUG org.springframework.test.context.BootstrapUtils - Instantiating CacheAwareContextLoaderDelegate from class [org.springframework.test.context.cache.DefaultCacheAwareContextLoaderDelegate]
14:03:36.303 [main] DEBUG org.springframework.test.context.BootstrapUtils - Instantiating BootstrapContext using constructor [public org.springframework.test.context.support.DefaultBootstrapContext(java.lang.Class,org.springframework.test.context.CacheAwareContextLoaderDelegate)]
14:03:36.304 [main] DEBUG org.springframework.test.context.BootstrapUtils - Instantiating TestContextBootstrapper for test class [tn.esprit.spring.service.EmployeServiceImplTest] from class [org.springframework.boot.test.context.SpringBootTestContextBootstrapper]
14:03:36.305 [main] INFO org.springframework.boot.test.context.SpringBootTestContextBootstrapper - Neither @ContextConfiguration nor @ContextHierarchy found for test class [tn.esprit.spring.service.EmployeServiceImplTest], using SpringBootContextLoader
14:03:36.305 [main] DEBUG org.springframework.test.context.support.AbstractContextLoader - Did not detect default resource location for test class [tn.esprit.spring.service.EmployeServiceImplTest]: class path resource [tn/esprit/spring/service/EmployeServiceImplTest-context.xml] does not exist
14:03:36.306 [main] DEBUG org.springframework.test.context.support.AbstractContextLoader - Did not detect default resource location for test class [tn.esprit.spring.service.EmployeServiceImplTest]: class path resource [tn/esprit/spring/service/EmployeServiceImplTestContext.groovy] does not exist
14:03:36.306 [main] INFO org.springframework.test.context.support.AbstractContextLoader - Could not detect default resource locations for test class [tn.esprit.spring.service.EmployeServiceImplTest]: no resource found for suffixes {-context.xml, Context.groovy}.
14:03:36.306 [main] INFO org.springframework.test.context.support.AnnotationConfigContextLoaderUtils - Could not detect default configuration classes for test class [tn.esprit.spring.service.EmployeServiceImplTest]: EmployeServiceImplTest does not declare any static, non-private, non-final, nested classes annotated with @Configuration.
14:03:36.308 [main] DEBUG org.springframework.test.context.support.ActiveProfilesUtils - Could not find an 'annotation declaring class' for annotation type [org.springframework.test.context.ActiveProfiles] and class [tn.esprit.spring.service.EmployeServiceImplTest]
14:03:36.308 [main] INFO org.springframework.boot.test.context.SpringBootTestContextBootstrapper - Found @SpringBootConfiguration tn.esprit.spring.TimesheetApplication for test class tn.esprit.spring.service.EmployeServiceImplTest
14:03:36.311 [main] DEBUG org.springframework.boot.test.context.SpringBootTestContextBootstrapper - @TestExecutionListeners is not present for class [tn.esprit.spring.service.EmployeServiceImplTest]: using defaults.
14:03:36.311 [main] INFO org.springframework.boot.test.context.SpringBootTestContextBootstrapper - Loaded default TestExecutionListener class names from location [META-INF/spring.factories]: [org.springframework.boot.test.mock.mockito.MockitoTestExecutionListener, org.springframework.boot.test.mock.mockito.ResetMocksTestExecutionListener, org.springframework.boot.test.autoconfigure.restdocs.RestDocsTestExecutionListener, org.springframework.boot.test.autoconfigure.web.client.MockRestServiceServerResetTestExecutionListener, org.springframework.boot.test.autoconfigure.web.servlet.MockMvcPrintOnlyOnFailureTestExecutionListener, org.springframework.boot.test.autoconfigure.web.servlet.WebDriverTestExecutionListener, org.springframework.boot.test.autoconfigure.webservices.client.MockWebServiceServerTestExecutionListener, org.springframework.test.context.web.ServletTestExecutionListener, org.springframework.test.context.support.DirtiesContextBeforeModesTestExecutionListener, org.springframework.test.context.support.DependencyInjectionTestExecutionListener, org.springframework.test.context.support.DirtiesContextTestExecutionListener, org.springframework.test.context.transaction.TransactionalTestExecutionListener, org.springframework.test.context.jdbc.SqlScriptsTestExecutionListener, org.springframework.test.context.event.EventPublishingTestExecutionListener]
14:03:36.312 [main] INFO org.springframework.boot.test.context.SpringBootTestContextBootstrapper - Using TestExecutionListeners: [org.springframework.test.context.web.ServletTestExecutionListener@1c92a549, org.springframework.test.context.support.DirtiesContextBeforeModesTestExecutionListener@323e026d, org.springframework.boot.test.mock.mockito.MockitoTestExecutionListener@1716c037, org.springframework.boot.test.autoconfigure.SpringBootDependencyInjectionTestExecutionListener@79b63325, org.springframework.test.context.support.DirtiesContextTestExecutionListener@708769b7, org.springframework.test.context.transaction.TransactionalTestExecutionListener@32e830a0, org.springframework.test.context.jdbc.SqlScriptsTestExecutionListener@135e49b2, org.springframework.test.context.event.EventPublishingTestExecutionListener@5bb97fe7, org.springframework.boot.test.mock.mockito.ResetMocksTestExecutionListener@10b87ff6, org.springframework.boot.test.autoconfigure.restdocs.RestDocsTestExecutionListener@63262071, org.springframework.boot.test.autoconfigure.web.client.MockRestServiceServerResetTestExecutionListener@2d4f67e, org.springframework.boot.test.autoconfigure.web.servlet.MockMvcPrintOnlyOnFailureTestExecutionListener@1282f784, org.springframework.boot.test.autoconfigure.web.servlet.WebDriverTestExecutionListener@41167ded, org.springframework.boot.test.autoconfigure.webservices.client.MockWebServiceServerTestExecutionListener@13e1e816]
14:03:36.312 [main] DEBUG org.springframework.test.annotation.ProfileValueUtils - Retrieved @ProfileValueSourceConfiguration [null] for test class [tn.esprit.spring.service.EmployeServiceImplTest]
14:03:36.312 [main] DEBUG org.springframework.test.annotation.ProfileValueUtils - Retrieved ProfileValueSource type [class org.springframework.test.annotation.SystemProfileValueSource] for class [tn.esprit.spring.service.EmployeServiceImplTest]
14:03:36.313 [main] DEBUG org.springframework.test.annotation.ProfileValueUtils - Retrieved @ProfileValueSourceConfiguration [null] for test class [tn.esprit.spring.service.EmployeServiceImplTest]
14:03:36.313 [main] DEBUG org.springframework.test.annotation.ProfileValueUtils - Retrieved ProfileValueSource type [class org.springframework.test.annotation.SystemProfileValueSource] for class [tn.esprit.spring.service.EmployeServiceImplTest]
14:03:36.313 [main] DEBUG org.springframework.test.annotation.ProfileValueUtils - Retrieved @ProfileValueSourceConfiguration [null] for test class [tn.esprit.spring.service.EmployeServiceImplTest]
14:03:36.314 [main] DEBUG org.springframework.test.annotation.ProfileValueUtils - Retrieved ProfileValueSource type [class org.springframework.test.annotation.SystemProfileValueSource] for class [tn.esprit.spring.service.EmployeServiceImplTest]
14:03:36.322 [main] DEBUG org.springframework.test.context.junit4.SpringJUnit4ClassRunner - SpringJUnit4ClassRunner constructor called with [class tn.esprit.spring.service.DeprtmentServiceImplTest]
14:03:36.322 [main] DEBUG org.springframework.test.context.BootstrapUtils - Instantiating CacheAwareContextLoaderDelegate from class [org.springframework.test.context.cache.DefaultCacheAwareContextLoaderDelegate]
14:03:36.323 [main] DEBUG org.springframework.test.context.BootstrapUtils - Instantiating BootstrapContext using constructor [public org.springframework.test.context.support.DefaultBootstrapContext(java.lang.Class,org.springframework.test.context.CacheAwareContextLoaderDelegate)]
14:03:36.323 [main] DEBUG org.springframework.test.context.BootstrapUtils - Instantiating TestContextBootstrapper for test class [tn.esprit.spring.service.DeprtmentServiceImplTest] from class [org.springframework.boot.test.context.SpringBootTestContextBootstrapper]
14:03:36.324 [main] INFO org.springframework.boot.test.context.SpringBootTestContextBootstrapper - Neither @ContextConfiguration nor @ContextHierarchy found for test class [tn.esprit.spring.service.DeprtmentServiceImplTest], using SpringBootContextLoader
14:03:36.325 [main] DEBUG org.springframework.test.context.support.AbstractContextLoader - Did not detect default resource location for test class [tn.esprit.spring.service.DeprtmentServiceImplTest]: class path resource [tn/esprit/spring/service/DeprtmentServiceImplTest-context.xml] does not exist
14:03:36.325 [main] DEBUG org.springframework.test.context.support.AbstractContextLoader - Did not detect default resource location for test class [tn.esprit.spring.service.DeprtmentServiceImplTest]: class path resource [tn/esprit/spring/service/DeprtmentServiceImplTestContext.groovy] does not exist
14:03:36.325 [main] INFO org.springframework.test.context.support.AbstractContextLoader - Could not detect default resource locations for test class [tn.esprit.spring.service.DeprtmentServiceImplTest]: no resource found for suffixes {-context.xml, Context.groovy}.
14:03:36.326 [main] INFO org.springframework.test.context.support.AnnotationConfigContextLoaderUtils - Could not detect default configuration classes for test class [tn.esprit.spring.service.DeprtmentServiceImplTest]: DeprtmentServiceImplTest does not declare any static, non-private, non-final, nested classes annotated with @Configuration.
14:03:36.328 [main] DEBUG org.springframework.test.context.support.ActiveProfilesUtils - Could not find an 'annotation declaring class' for annotation type [org.springframework.test.context.ActiveProfiles] and class [tn.esprit.spring.service.DeprtmentServiceImplTest]
14:03:36.328 [main] INFO org.springframework.boot.test.context.SpringBootTestContextBootstrapper - Found @SpringBootConfiguration tn.esprit.spring.TimesheetApplication for test class tn.esprit.spring.service.DeprtmentServiceImplTest
14:03:36.336 [main] DEBUG org.springframework.boot.test.context.SpringBootTestContextBootstrapper - @TestExecutionListeners is not present for class [tn.esprit.spring.service.DeprtmentServiceImplTest]: using defaults.
14:03:36.336 [main] INFO org.springframework.boot.test.context.SpringBootTestContextBootstrapper - Loaded default TestExecutionListener class names from location [META-INF/spring.factories]: [org.springframework.boot.test.mock.mockito.MockitoTestExecutionListener, org.springframework.boot.test.mock.mockito.ResetMocksTestExecutionListener, org.springframework.boot.test.autoconfigure.restdocs.RestDocsTestExecutionListener, org.springframework.boot.test.autoconfigure.web.client.MockRestServiceServerResetTestExecutionListener, org.springframework.boot.test.autoconfigure.web.servlet.MockMvcPrintOnlyOnFailureTestExecutionListener, org.springframework.boot.test.autoconfigure.web.servlet.WebDriverTestExecutionListener, org.springframework.boot.test.autoconfigure.webservices.client.MockWebServiceServerTestExecutionListener, org.springframework.test.context.web.ServletTestExecutionListener, org.springframework.test.context.support.DirtiesContextBeforeModesTestExecutionListener, org.springframework.test.context.support.DependencyInjectionTestExecutionListener, org.springframework.test.context.support.DirtiesContextTestExecutionListener, org.springframework.test.context.transaction.TransactionalTestExecutionListener, org.springframework.test.context.jdbc.SqlScriptsTestExecutionListener, org.springframework.test.context.event.EventPublishingTestExecutionListener]
14:03:36.336 [main] INFO org.springframework.boot.test.context.SpringBootTestContextBootstrapper - Using TestExecutionListeners: [org.springframework.test.context.web.ServletTestExecutionListener@4ad1a276, org.springframework.test.context.support.DirtiesContextBeforeModesTestExecutionListener@4a833595, org.springframework.boot.test.mock.mockito.MockitoTestExecutionListener@31006a75, org.springframework.boot.test.autoconfigure.SpringBootDependencyInjectionTestExecutionListener@49122853, org.springframework.test.context.support.DirtiesContextTestExecutionListener@e97f115, org.springframework.test.context.transaction.TransactionalTestExecutionListener@5d6b42cf, org.springframework.test.context.jdbc.SqlScriptsTestExecutionListener@6f8ac8d5, org.springframework.test.context.event.EventPublishingTestExecutionListener@370225c7, org.springframework.boot.test.mock.mockito.ResetMocksTestExecutionListener@6ac756b, org.springframework.boot.test.autoconfigure.restdocs.RestDocsTestExecutionListener@156324b, org.springframework.boot.test.autoconfigure.web.client.MockRestServiceServerResetTestExecutionListener@38a38ed4, org.springframework.boot.test.autoconfigure.web.servlet.MockMvcPrintOnlyOnFailureTestExecutionListener@1e29a81a, org.springframework.boot.test.autoconfigure.web.servlet.WebDriverTestExecutionListener@7b4b8199, org.springframework.boot.test.autoconfigure.webservices.client.MockWebServiceServerTestExecutionListener@4bbf20d1]
14:03:36.337 [main] DEBUG org.springframework.test.annotation.ProfileValueUtils - Retrieved @ProfileValueSourceConfiguration [null] for test class [tn.esprit.spring.service.DeprtmentServiceImplTest]
14:03:36.337 [main] DEBUG org.springframework.test.annotation.ProfileValueUtils - Retrieved ProfileValueSource type [class org.springframework.test.annotation.SystemProfileValueSource] for class [tn.esprit.spring.service.DeprtmentServiceImplTest]
14:03:36.337 [main] DEBUG org.springframework.test.annotation.ProfileValueUtils - Retrieved @ProfileValueSourceConfiguration [null] for test class [tn.esprit.spring.service.DeprtmentServiceImplTest]
14:03:36.337 [main] DEBUG org.springframework.test.annotation.ProfileValueUtils - Retrieved ProfileValueSource type [class org.springframework.test.annotation.SystemProfileValueSource] for class [tn.esprit.spring.service.DeprtmentServiceImplTest]
14:03:36.338 [main] DEBUG org.springframework.test.annotation.ProfileValueUtils - Retrieved @ProfileValueSourceConfiguration [null] for test class [tn.esprit.spring.service.DeprtmentServiceImplTest]
14:03:36.338 [main] DEBUG org.springframework.test.annotation.ProfileValueUtils - Retrieved ProfileValueSource type [class org.springframework.test.annotation.SystemProfileValueSource] for class [tn.esprit.spring.service.DeprtmentServiceImplTest]
14:03:36.338 [main] DEBUG org.springframework.test.context.junit4.SpringJUnit4ClassRunner - SpringJUnit4ClassRunner constructor called with [class tn.esprit.spring.service.EmployeServiceImplTest]
14:03:36.338 [main] DEBUG org.springframework.test.context.BootstrapUtils - Instantiating CacheAwareContextLoaderDelegate from class [org.springframework.test.context.cache.DefaultCacheAwareContextLoaderDelegate]
14:03:36.338 [main] DEBUG org.springframework.test.context.BootstrapUtils - Instantiating BootstrapContext using constructor [public org.springframework.test.context.support.DefaultBootstrapContext(java.lang.Class,org.springframework.test.context.CacheAwareContextLoaderDelegate)]
14:03:36.339 [main] DEBUG org.springframework.test.context.BootstrapUtils - Instantiating TestContextBootstrapper for test class [tn.esprit.spring.service.EmployeServiceImplTest] from class [org.springframework.boot.test.context.SpringBootTestContextBootstrapper]
14:03:36.339 [main] INFO org.springframework.boot.test.context.SpringBootTestContextBootstrapper - Neither @ContextConfiguration nor @ContextHierarchy found for test class [tn.esprit.spring.service.EmployeServiceImplTest], using SpringBootContextLoader
14:03:36.340 [main] DEBUG org.springframework.test.context.support.AbstractContextLoader - Did not detect default resource location for test class [tn.esprit.spring.service.EmployeServiceImplTest]: class path resource [tn/esprit/spring/service/EmployeServiceImplTest-context.xml] does not exist
14:03:36.340 [main] DEBUG org.springframework.test.context.support.AbstractContextLoader - Did not detect default resource location for test class [tn.esprit.spring.service.EmployeServiceImplTest]: class path resource [tn/esprit/spring/service/EmployeServiceImplTestContext.groovy] does not exist
14:03:36.340 [main] INFO org.springframework.test.context.support.AbstractContextLoader - Could not detect default resource locations for test class [tn.esprit.spring.service.EmployeServiceImplTest]: no resource found for suffixes {-context.xml, Context.groovy}.
14:03:36.340 [main] INFO org.springframework.test.context.support.AnnotationConfigContextLoaderUtils - Could not detect default configuration classes for test class [tn.esprit.spring.service.EmployeServiceImplTest]: EmployeServiceImplTest does not declare any static, non-private, non-final, nested classes annotated with @Configuration.
14:03:36.342 [main] DEBUG org.springframework.test.context.support.ActiveProfilesUtils - Could not find an 'annotation declaring class' for annotation type [org.springframework.test.context.ActiveProfiles] and class [tn.esprit.spring.service.EmployeServiceImplTest]
14:03:36.342 [main] INFO org.springframework.boot.test.context.SpringBootTestContextBootstrapper - Found @SpringBootConfiguration tn.esprit.spring.TimesheetApplication for test class tn.esprit.spring.service.EmployeServiceImplTest
14:03:36.344 [main] DEBUG org.springframework.boot.test.context.SpringBootTestContextBootstrapper - @TestExecutionListeners is not present for class [tn.esprit.spring.service.EmployeServiceImplTest]: using defaults.
14:03:36.344 [main] INFO org.springframework.boot.test.context.SpringBootTestContextBootstrapper - Loaded default TestExecutionListener class names from location [META-INF/spring.factories]: [org.springframework.boot.test.mock.mockito.MockitoTestExecutionListener, org.springframework.boot.test.mock.mockito.ResetMocksTestExecutionListener, org.springframework.boot.test.autoconfigure.restdocs.RestDocsTestExecutionListener, org.springframework.boot.test.autoconfigure.web.client.MockRestServiceServerResetTestExecutionListener, org.springframework.boot.test.autoconfigure.web.servlet.MockMvcPrintOnlyOnFailureTestExecutionListener, org.springframework.boot.test.autoconfigure.web.servlet.WebDriverTestExecutionListener, org.springframework.boot.test.autoconfigure.webservices.client.MockWebServiceServerTestExecutionListener, org.springframework.test.context.web.ServletTestExecutionListener, org.springframework.test.context.support.DirtiesContextBeforeModesTestExecutionListener, org.springframework.test.context.support.DependencyInjectionTestExecutionListener, org.springframework.test.context.support.DirtiesContextTestExecutionListener, org.springframework.test.context.transaction.TransactionalTestExecutionListener, org.springframework.test.context.jdbc.SqlScriptsTestExecutionListener, org.springframework.test.context.event.EventPublishingTestExecutionListener]
14:03:36.345 [main] INFO org.springframework.boot.test.context.SpringBootTestContextBootstrapper - Using TestExecutionListeners: [org.springframework.test.context.web.ServletTestExecutionListener@3cf4dec7, org.springframework.test.context.support.DirtiesContextBeforeModesTestExecutionListener@1b94c789, org.springframework.boot.test.mock.mockito.MockitoTestExecutionListener@299fc582, org.springframework.boot.test.autoconfigure.SpringBootDependencyInjectionTestExecutionListener@305aaedf, org.springframework.test.context.support.DirtiesContextTestExecutionListener@2a425cf5, org.springframework.test.context.transaction.TransactionalTestExecutionListener@17d76ebb, org.springframework.test.context.jdbc.SqlScriptsTestExecutionListener@40b31a16, org.springframework.test.context.event.EventPublishingTestExecutionListener@25fa6889, org.springframework.boot.test.mock.mockito.ResetMocksTestExecutionListener@1de73d37, org.springframework.boot.test.autoconfigure.restdocs.RestDocsTestExecutionListener@31693a86, org.springframework.boot.test.autoconfigure.web.client.MockRestServiceServerResetTestExecutionListener@69d2e517, org.springframework.boot.test.autoconfigure.web.servlet.MockMvcPrintOnlyOnFailureTestExecutionListener@1f9a7684, org.springframework.boot.test.autoconfigure.web.servlet.WebDriverTestExecutionListener@3b30eec5, org.springframework.boot.test.autoconfigure.webservices.client.MockWebServiceServerTestExecutionListener@43755e2f]
14:03:36.345 [main] DEBUG org.springframework.test.annotation.ProfileValueUtils - Retrieved @ProfileValueSourceConfiguration [null] for test class [tn.esprit.spring.service.EmployeServiceImplTest]
14:03:36.345 [main] DEBUG org.springframework.test.annotation.ProfileValueUtils - Retrieved ProfileValueSource type [class org.springframework.test.annotation.SystemProfileValueSource] for class [tn.esprit.spring.service.EmployeServiceImplTest]
14:03:36.345 [main] DEBUG org.springframework.test.annotation.ProfileValueUtils - Retrieved @ProfileValueSourceConfiguration [null] for test class [tn.esprit.spring.service.EmployeServiceImplTest]
14:03:36.345 [main] DEBUG org.springframework.test.annotation.ProfileValueUtils - Retrieved ProfileValueSource type [class org.springframework.test.annotation.SystemProfileValueSource] for class [tn.esprit.spring.service.EmployeServiceImplTest]
14:03:36.345 [main] DEBUG org.springframework.test.annotation.ProfileValueUtils - Retrieved @ProfileValueSourceConfiguration [null] for test class [tn.esprit.spring.service.EmployeServiceImplTest]
14:03:36.345 [main] DEBUG org.springframework.test.annotation.ProfileValueUtils - Retrieved ProfileValueSource type [class org.springframework.test.annotation.SystemProfileValueSource] for class [tn.esprit.spring.service.EmployeServiceImplTest]
14:03:36.405 [main] DEBUG org.springframework.test.annotation.ProfileValueUtils - Retrieved @ProfileValueSourceConfiguration [null] for test class [tn.esprit.spring.service.DeprtmentServiceImplTest]
14:03:36.405 [main] DEBUG org.springframework.test.annotation.ProfileValueUtils - Retrieved ProfileValueSource type [class org.springframework.test.annotation.SystemProfileValueSource] for class [tn.esprit.spring.service.DeprtmentServiceImplTest]
14:03:36.409 [main] DEBUG org.springframework.test.annotation.ProfileValueUtils - Retrieved @ProfileValueSourceConfiguration [null] for test class [tn.esprit.spring.service.DeprtmentServiceImplTest]
14:03:36.409 [main] DEBUG org.springframework.test.annotation.ProfileValueUtils - Retrieved ProfileValueSource type [class org.springframework.test.annotation.SystemProfileValueSource] for class [tn.esprit.spring.service.DeprtmentServiceImplTest]
14:03:36.410 [main] DEBUG org.springframework.test.annotation.ProfileValueUtils - Retrieved @ProfileValueSourceConfiguration [null] for test class [tn.esprit.spring.service.DeprtmentServiceImplTest]
14:03:36.410 [main] DEBUG org.springframework.test.annotation.ProfileValueUtils - Retrieved ProfileValueSource type [class org.springframework.test.annotation.SystemProfileValueSource] for class [tn.esprit.spring.service.DeprtmentServiceImplTest]
14:03:36.416 [main] DEBUG org.springframework.test.context.support.AbstractDirtiesContextTestExecutionListener - Before test class: context [DefaultTestContext@aee05f4 testClass = DeprtmentServiceImplTest, testInstance = [null], testMethod = [null], testException = [null], mergedContextConfiguration = [WebMergedContextConfiguration@2b4829aa testClass = DeprtmentServiceImplTest, locations = '{}', classes = '{class tn.esprit.spring.TimesheetApplication}', contextInitializerClasses = '[]', activeProfiles = '{}', propertySourceLocations = '{}', propertySourceProperties = '{org.springframework.boot.test.context.SpringBootTestContextBootstrapper=true}', contextCustomizers = set[org.springframework.boot.test.context.filter.ExcludeFilterContextCustomizer@48b4a043, org.springframework.boot.test.json.DuplicateJsonObjectContextCustomizerFactory$DuplicateJsonObjectContextCustomizer@58fef7f7, org.springframework.boot.test.mock.mockito.MockitoContextCustomizer@0, org.springframework.boot.test.web.client.TestRestTemplateContextCustomizer@7e5843db, org.springframework.boot.test.autoconfigure.properties.PropertyMappingContextCustomizer@0, org.springframework.boot.test.autoconfigure.web.servlet.WebDriverContextCustomizerFactory$Customizer@80bfa9d, org.springframework.boot.test.context.SpringBootTestArgs@1, org.springframework.boot.test.context.SpringBootTestWebEnvironment@3cb8c8ce], resourceBasePath = 'src/main/webapp', contextLoader = 'org.springframework.boot.test.context.SpringBootContextLoader', parent = [null]], attributes = map['org.springframework.test.context.web.ServletTestExecutionListener.activateListener' -> true]], class annotated with @DirtiesContext [false] with mode [null].
14:03:36.418 [main] DEBUG org.springframework.test.annotation.ProfileValueUtils - Retrieved @ProfileValueSourceConfiguration [null] for test class [tn.esprit.spring.service.DeprtmentServiceImplTest]
14:03:36.419 [main] DEBUG org.springframework.test.annotation.ProfileValueUtils - Retrieved ProfileValueSource type [class org.springframework.test.annotation.SystemProfileValueSource] for class [tn.esprit.spring.service.DeprtmentServiceImplTest]
14:03:36.448 [main] DEBUG org.springframework.test.context.support.TestPropertySourceUtils - Adding inlined properties to environment: {spring.jmx.enabled=false, org.springframework.boot.test.context.SpringBootTestContextBootstrapper=true}

  .   ____          _            __ _ _
 /\\ / ___'_ __ _ _(_)_ __  __ _ \ \ \ \
( ( )\___ | '_ | '_| | '_ \/ _` | \ \ \ \
 \\/  ___)| |_)| | | | | || (_| |  ) ) ) )
  '  |____| .__|_| |_|_| |_\__, | / / / /
 =========|_|==============|___/=/_/_/_/
 :: Spring Boot ::        (v2.3.5.RELEASE)

2021-10-24 14:03:36 - INFO  - tn.esprit.spring.service.DeprtmentServiceImplTest - Starting DeprtmentServiceImplTest on MSI with PID 2236 (started by ahmed in C:\Users\ahmed\Documents\workspace-sts-3.8.4.RELEASE\Timesheet\timesheet-ci)
2021-10-24 14:03:36 - INFO  - tn.esprit.spring.service.DeprtmentServiceImplTest - No active profile set, falling back to default profiles: default
2021-10-24 14:03:38 - INFO  - org.hibernate.jpa.internal.util.LogHelper - HHH000204: Processing PersistenceUnitInfo [name: default]
2021-10-24 14:03:38 - INFO  - org.hibernate.Version - HHH000412: Hibernate ORM core version 5.4.22.Final
2021-10-24 14:03:38 - WARN  - o.s.b.a.orm.jpa.JpaBaseConfiguration$JpaWebConfiguration - spring.jpa.open-in-view is enabled by default. Therefore, database queries may be performed during view rendering. Explicitly configure spring.jpa.open-in-view to disable this warning
2021-10-24 14:03:38 - INFO  - org.hibernate.annotations.common.Version - HCANN000001: Hibernate Commons Annotations {5.1.0.Final}
2021-10-24 14:03:39 - INFO  - org.hibernate.dialect.Dialect - HHH000400: Using dialect: org.hibernate.dialect.MySQL5InnoDBDialect
Hibernate: create table contrat (reference integer not null auto_increment, date_debut date, salaire float not null, type_contrat varchar(255), primary key (reference)) engine=InnoDB
Hibernate: create table departement (id integer not null auto_increment, name varchar(255), entreprise_id integer, primary key (id)) engine=InnoDB
Hibernate: create table departement_employes (departements_id integer not null, employes_id integer not null) engine=InnoDB
Hibernate: create table employe (id integer not null auto_increment, actif bit not null, email varchar(255), nom varchar(255), password varchar(255), prenom varchar(255), role varchar(255), contrat_reference integer, primary key (id)) engine=InnoDB
Hibernate: create table entreprise (id integer not null auto_increment, name varchar(255), raison_social varchar(255), primary key (id)) engine=InnoDB
Hibernate: create table mission (dtype varchar(31) not null, id integer not null auto_increment, description varchar(255), name varchar(255), email_facturation varchar(255), taux_journalier_moyen float, departement_id integer, primary key (id)) engine=InnoDB
Hibernate: create table t_user (id bigint not null auto_increment, date_naissance date, first_name varchar(255), last_name varchar(255), role varchar(255), primary key (id)) engine=InnoDB
Hibernate: create table timesheet (date_debut date not null, date_fin date not null, id_employe integer not null, id_mission integer not null, is_valide bit not null, primary key (date_debut, date_fin, id_employe, id_mission)) engine=InnoDB
Hibernate: alter table departement add constraint FKkg0jmw8ih55tnlfet3ucbkfsy foreign key (entreprise_id) references entreprise (id)
Hibernate: alter table departement_employes add constraint FKp688tcln21xhsg34l5ltk164s foreign key (employes_id) references employe (id)
Hibernate: alter table departement_employes add constraint FK1lnr2unyxtqxd0olwlepjt0gp foreign key (departements_id) references departement (id)
Hibernate: alter table employe add constraint FKqrfpc7y85n8p6occurwvntpfr foreign key (contrat_reference) references contrat (reference)
Hibernate: alter table mission add constraint FKso6moxdlog3powkcqulmtfg1s foreign key (departement_id) references departement (id)
Hibernate: alter table timesheet add constraint FK2skc3sqdd7v35jgqrdfimuqxr foreign key (id_employe) references employe (id)
Hibernate: alter table timesheet add constraint FKbauiu1nsna8neie2d892t99vq foreign key (id_mission) references mission (id)
2021-10-24 14:03:40 - INFO  - o.h.e.transaction.jta.platform.internal.JtaPlatformInitiator - HHH000490: Using JtaPlatform implementation: [org.hibernate.engine.transaction.jta.platform.internal.NoJtaPlatform]
2021-10-24 14:03:41 - INFO  - tn.esprit.spring.service.DeprtmentServiceImplTest - Started DeprtmentServiceImplTest in 4.729 seconds (JVM running for 6.071)
Hibernate: select departemen0_.id as id1_1_0_, departemen0_.entreprise_id as entrepri3_1_0_, departemen0_.name as name2_1_0_, employes1_.departements_id as departem1_2_1_, employe2_.id as employes2_2_1_, employe2_.id as id1_3_2_, employe2_.actif as actif2_3_2_, employe2_.contrat_reference as contrat_8_3_2_, employe2_.email as email3_3_2_, employe2_.nom as nom4_3_2_, employe2_.password as password5_3_2_, employe2_.prenom as prenom6_3_2_, employe2_.role as role7_3_2_, contrat3_.reference as referenc1_0_3_, contrat3_.date_debut as date_deb2_0_3_, contrat3_.salaire as salaire3_0_3_, contrat3_.type_contrat as type_con4_0_3_, entreprise4_.id as id1_4_4_, entreprise4_.name as name2_4_4_, entreprise4_.raison_social as raison_s3_4_4_ from departement departemen0_ left outer join departement_employes employes1_ on departemen0_.id=employes1_.departements_id left outer join employe employe2_ on employes1_.employes_id=employe2_.id left outer join contrat contrat3_ on employe2_.contrat_reference=contrat3_.reference left outer join entreprise entreprise4_ on departemen0_.entreprise_id=entreprise4_.id where departemen0_.id=?
]]></system-out>
  </testcase>
  <testcase name="testRetrieveAlldepartments" classname="tn.esprit.spring.service.DeprtmentServiceImplTest" time="0.197">
    <failure message="expected:&lt;11&gt; but was:&lt;0&gt;" type="java.lang.AssertionError"><![CDATA[java.lang.AssertionError: expected:<11> but was:<0>
	at tn.esprit.spring.service.DeprtmentServiceImplTest.testRetrieveAlldepartments(DeprtmentServiceImplTest.java:30)
]]></failure>
    <system-out><![CDATA[2021-10-24 14:03:41 - INFO  - tn.esprit.spring.services.EmployeServiceImpl - In retrieveAllDepartments() : 
Hibernate: select departemen0_.id as id1_1_, departemen0_.entreprise_id as entrepri3_1_, departemen0_.name as name2_1_ from departement departemen0_
2021-10-24 14:03:41 - INFO  - tn.esprit.spring.services.EmployeServiceImpl - Out of retrieveAlldepartment() : 
]]></system-out>
  </testcase>
  <testcase name="testAddDepartment" classname="tn.esprit.spring.service.DeprtmentServiceImplTest" time="0.056"/>
  <testcase name="testRetrieveDepartment" classname="tn.esprit.spring.service.DeprtmentServiceImplTest" time="0.006">
    <error type="java.lang.NullPointerException">java.lang.NullPointerException
	at tn.esprit.spring.service.DeprtmentServiceImplTest.testRetrieveDepartment(DeprtmentServiceImplTest.java:51)
</error>
    <system-out><![CDATA[2021-10-24 14:03:41 - INFO  - tn.esprit.spring.services.EmployeServiceImpl - in  retrieveDepartement id = 2
Hibernate: select departemen0_.id as id1_1_0_, departemen0_.entreprise_id as entrepri3_1_0_, departemen0_.name as name2_1_0_, employes1_.departements_id as departem1_2_1_, employe2_.id as employes2_2_1_, employe2_.id as id1_3_2_, employe2_.actif as actif2_3_2_, employe2_.contrat_reference as contrat_8_3_2_, employe2_.email as email3_3_2_, employe2_.nom as nom4_3_2_, employe2_.password as password5_3_2_, employe2_.prenom as prenom6_3_2_, employe2_.role as role7_3_2_, contrat3_.reference as referenc1_0_3_, contrat3_.date_debut as date_deb2_0_3_, contrat3_.salaire as salaire3_0_3_, contrat3_.type_contrat as type_con4_0_3_, entreprise4_.id as id1_4_4_, entreprise4_.name as name2_4_4_, entreprise4_.raison_social as raison_s3_4_4_ from departement departemen0_ left outer join departement_employes employes1_ on departemen0_.id=employes1_.departements_id left outer join employe employe2_ on employes1_.employes_id=employe2_.id left outer join contrat contrat3_ on employe2_.contrat_reference=contrat3_.reference left outer join entreprise entreprise4_ on departemen0_.entreprise_id=entreprise4_.id where departemen0_.id=?
2021-10-24 14:03:41 - INFO  - tn.esprit.spring.services.EmployeServiceImpl - department returned : null
]]></system-out>
  </testcase>
  <testcase name="testModifyDepartment" classname="tn.esprit.spring.service.DeprtmentServiceImplTest" time="0.008"/>
</testsuite>