<?xml version="1.0" encoding="UTF-8"?>
<testsuite xmlns:xsi="http://www.w3.org/2001/XMLSchema-instance" xsi:noNamespaceSchemaLocation="https://maven.apache.org/surefire/maven-surefire-plugin/xsd/surefire-test-report.xsd" name="tn.esprit.spring.service.EmployeServiceImplTest" time="31.28" tests="5" errors="1" skipped="0" failures="1">
  <properties>
    <property name="sun.desktop" value="windows"/>
    <property name="awt.toolkit" value="sun.awt.windows.WToolkit"/>
    <property name="file.encoding.pkg" value="sun.io"/>
    <property name="java.specification.version" value="1.8"/>
    <property name="sun.cpu.isalist" value="amd64"/>
    <property name="sun.jnu.encoding" value="Cp1252"/>
    <property name="java.class.path" value="C:\Users\hamza.DESKTOP-F89DU6M\workspace-sts-3.8.4.RELEASE\timesheet-ci\target\test-classes;C:\Users\hamza.DESKTOP-F89DU6M\workspace-sts-3.8.4.RELEASE\timesheet-ci\target\classes;C:\Users\hamza.DESKTOP-F89DU6M\.m2\repository\org\jacoco\jacoco-maven-plugin\0.8.6\jacoco-maven-plugin-0.8.6.jar;C:\Users\hamza.DESKTOP-F89DU6M\.m2\repository\org\apache\maven\maven-plugin-api\3.0\maven-plugin-api-3.0.jar;C:\Users\hamza.DESKTOP-F89DU6M\.m2\repository\org\apache\maven\maven-model\3.0\maven-model-3.0.jar;C:\Users\hamza.DESKTOP-F89DU6M\.m2\repository\org\apache\maven\maven-artifact\3.0\maven-artifact-3.0.jar;C:\Users\hamza.DESKTOP-F89DU6M\.m2\repository\org\sonatype\sisu\sisu-inject-plexus\1.4.2\sisu-inject-plexus-1.4.2.jar;C:\Users\hamza.DESKTOP-F89DU6M\.m2\repository\org\sonatype\sisu\sisu-inject-bean\1.4.2\sisu-inject-bean-1.4.2.jar;C:\Users\hamza.DESKTOP-F89DU6M\.m2\repository\org\sonatype\sisu\sisu-guice\2.1.7\sisu-guice-2.1.7-noaop.jar;C:\Users\hamza.DESKTOP-F89DU6M\.m2\repository\org\apache\maven\maven-core\3.0\maven-core-3.0.jar;C:\Users\hamza.DESKTOP-F89DU6M\.m2\repository\org\apache\maven\maven-settings\3.0\maven-settings-3.0.jar;C:\Users\hamza.DESKTOP-F89DU6M\.m2\repository\org\apache\maven\maven-settings-builder\3.0\maven-settings-builder-3.0.jar;C:\Users\hamza.DESKTOP-F89DU6M\.m2\repository\org\apache\maven\maven-repository-metadata\3.0\maven-repository-metadata-3.0.jar;C:\Users\hamza.DESKTOP-F89DU6M\.m2\repository\org\apache\maven\maven-model-builder\3.0\maven-model-builder-3.0.jar;C:\Users\hamza.DESKTOP-F89DU6M\.m2\repository\org\apache\maven\maven-aether-provider\3.0\maven-aether-provider-3.0.jar;C:\Users\hamza.DESKTOP-F89DU6M\.m2\repository\org\sonatype\aether\aether-impl\1.7\aether-impl-1.7.jar;C:\Users\hamza.DESKTOP-F89DU6M\.m2\repository\org\sonatype\aether\aether-spi\1.7\aether-spi-1.7.jar;C:\Users\hamza.DESKTOP-F89DU6M\.m2\repository\org\sonatype\aether\aether-api\1.7\aether-api-1.7.jar;C:\Users\hamza.DESKTOP-F89DU6M\.m2\repository\org\sonatype\aether\aether-util\1.7\aether-util-1.7.jar;C:\Users\hamza.DESKTOP-F89DU6M\.m2\repository\org\codehaus\plexus\plexus-interpolation\1.14\plexus-interpolation-1.14.jar;C:\Users\hamza.DESKTOP-F89DU6M\.m2\repository\org\codehaus\plexus\plexus-classworlds\2.2.3\plexus-classworlds-2.2.3.jar;C:\Users\hamza.DESKTOP-F89DU6M\.m2\repository\org\codehaus\plexus\plexus-component-annotations\1.5.5\plexus-component-annotations-1.5.5.jar;C:\Users\hamza.DESKTOP-F89DU6M\.m2\repository\org\sonatype\plexus\plexus-sec-dispatcher\1.3\plexus-sec-dispatcher-1.3.jar;C:\Users\hamza.DESKTOP-F89DU6M\.m2\repository\org\sonatype\plexus\plexus-cipher\1.4\plexus-cipher-1.4.jar;C:\Users\hamza.DESKTOP-F89DU6M\.m2\repository\org\codehaus\plexus\plexus-utils\3.0.22\plexus-utils-3.0.22.jar;C:\Users\hamza.DESKTOP-F89DU6M\.m2\repository\org\apache\maven\shared\file-management\1.2.1\file-management-1.2.1.jar;C:\Users\hamza.DESKTOP-F89DU6M\.m2\repository\org\apache\maven\shared\maven-shared-io\1.1\maven-shared-io-1.1.jar;C:\Users\hamza.DESKTOP-F89DU6M\.m2\repository\org\apache\maven\maven-artifact-manager\2.0.2\maven-artifact-manager-2.0.2.jar;C:\Users\hamza.DESKTOP-F89DU6M\.m2\repository\org\apache\maven\wagon\wagon-provider-api\1.0-alpha-6\wagon-provider-api-1.0-alpha-6.jar;C:\Users\hamza.DESKTOP-F89DU6M\.m2\repository\org\codehaus\plexus\plexus-container-default\1.0-alpha-9\plexus-container-default-1.0-alpha-9.jar;C:\Users\hamza.DESKTOP-F89DU6M\.m2\repository\classworlds\classworlds\1.1-alpha-2\classworlds-1.1-alpha-2.jar;C:\Users\hamza.DESKTOP-F89DU6M\.m2\repository\org\apache\maven\reporting\maven-reporting-api\3.0\maven-reporting-api-3.0.jar;C:\Users\hamza.DESKTOP-F89DU6M\.m2\repository\org\apache\maven\doxia\doxia-sink-api\1.0\doxia-sink-api-1.0.jar;C:\Users\hamza.DESKTOP-F89DU6M\.m2\repository\org\apache\maven\reporting\maven-reporting-impl\2.1\maven-reporting-impl-2.1.jar;C:\Users\hamza.DESKTOP-F89DU6M\.m2\repository\org\apache\maven\maven-project\2.0.10\maven-project-2.0.10.jar;C:\Users\hamza.DESKTOP-F89DU6M\.m2\repository\org\apache\maven\maven-profile\2.0.10\maven-profile-2.0.10.jar;C:\Users\hamza.DESKTOP-F89DU6M\.m2\repository\org\apache\maven\maven-plugin-registry\2.0.10\maven-plugin-registry-2.0.10.jar;C:\Users\hamza.DESKTOP-F89DU6M\.m2\repository\org\apache\maven\doxia\doxia-core\1.1.2\doxia-core-1.1.2.jar;C:\Users\hamza.DESKTOP-F89DU6M\.m2\repository\org\apache\maven\doxia\doxia-logging-api\1.1.2\doxia-logging-api-1.1.2.jar;C:\Users\hamza.DESKTOP-F89DU6M\.m2\repository\xerces\xercesImpl\2.8.1\xercesImpl-2.8.1.jar;C:\Users\hamza.DESKTOP-F89DU6M\.m2\repository\commons-lang\commons-lang\2.4\commons-lang-2.4.jar;C:\Users\hamza.DESKTOP-F89DU6M\.m2\repository\commons-httpclient\commons-httpclient\3.1\commons-httpclient-3.1.jar;C:\Users\hamza.DESKTOP-F89DU6M\.m2\repository\commons-codec\commons-codec\1.14\commons-codec-1.14.jar;C:\Users\hamza.DESKTOP-F89DU6M\.m2\repository\org\apache\maven\doxia\doxia-site-renderer\1.1.2\doxia-site-renderer-1.1.2.jar;C:\Users\hamza.DESKTOP-F89DU6M\.m2\repository\org\apache\maven\doxia\doxia-decoration-model\1.1.2\doxia-decoration-model-1.1.2.jar;C:\Users\hamza.DESKTOP-F89DU6M\.m2\repository\org\apache\maven\doxia\doxia-module-xhtml\1.1.2\doxia-module-xhtml-1.1.2.jar;C:\Users\hamza.DESKTOP-F89DU6M\.m2\repository\org\apache\maven\doxia\doxia-module-fml\1.1.2\doxia-module-fml-1.1.2.jar;C:\Users\hamza.DESKTOP-F89DU6M\.m2\repository\org\codehaus\plexus\plexus-i18n\1.0-beta-7\plexus-i18n-1.0-beta-7.jar;C:\Users\hamza.DESKTOP-F89DU6M\.m2\repository\org\codehaus\plexus\plexus-velocity\1.1.7\plexus-velocity-1.1.7.jar;C:\Users\hamza.DESKTOP-F89DU6M\.m2\repository\org\apache\velocity\velocity\1.5\velocity-1.5.jar;C:\Users\hamza.DESKTOP-F89DU6M\.m2\repository\commons-collections\commons-collections\3.2\commons-collections-3.2.jar;C:\Users\hamza.DESKTOP-F89DU6M\.m2\repository\commons-validator\commons-validator\1.2.0\commons-validator-1.2.0.jar;C:\Users\hamza.DESKTOP-F89DU6M\.m2\repository\commons-beanutils\commons-beanutils\1.7.0\commons-beanutils-1.7.0.jar;C:\Users\hamza.DESKTOP-F89DU6M\.m2\repository\commons-digester\commons-digester\1.6\commons-digester-1.6.jar;C:\Users\hamza.DESKTOP-F89DU6M\.m2\repository\commons-logging\commons-logging\1.0.4\commons-logging-1.0.4.jar;C:\Users\hamza.DESKTOP-F89DU6M\.m2\repository\oro\oro\2.0.8\oro-2.0.8.jar;C:\Users\hamza.DESKTOP-F89DU6M\.m2\repository\xml-apis\xml-apis\1.0.b2\xml-apis-1.0.b2.jar;C:\Users\hamza.DESKTOP-F89DU6M\.m2\repository\org\jacoco\org.jacoco.agent\0.8.6\org.jacoco.agent-0.8.6-runtime.jar;C:\Users\hamza.DESKTOP-F89DU6M\.m2\repository\org\jacoco\org.jacoco.core\0.8.6\org.jacoco.core-0.8.6.jar;C:\Users\hamza.DESKTOP-F89DU6M\.m2\repository\org\ow2\asm\asm\8.0.1\asm-8.0.1.jar;C:\Users\hamza.DESKTOP-F89DU6M\.m2\repository\org\ow2\asm\asm-commons\8.0.1\asm-commons-8.0.1.jar;C:\Users\hamza.DESKTOP-F89DU6M\.m2\repository\org\ow2\asm\asm-analysis\8.0.1\asm-analysis-8.0.1.jar;C:\Users\hamza.DESKTOP-F89DU6M\.m2\repository\org\ow2\asm\asm-tree\8.0.1\asm-tree-8.0.1.jar;C:\Users\hamza.DESKTOP-F89DU6M\.m2\repository\org\jacoco\org.jacoco.report\0.8.6\org.jacoco.report-0.8.6.jar;C:\Users\hamza.DESKTOP-F89DU6M\.m2\repository\org\springframework\boot\spring-boot-devtools\2.3.5.RELEASE\spring-boot-devtools-2.3.5.RELEASE.jar;C:\Users\hamza.DESKTOP-F89DU6M\.m2\repository\org\springframework\boot\spring-boot\2.3.5.RELEASE\spring-boot-2.3.5.RELEASE.jar;C:\Users\hamza.DESKTOP-F89DU6M\.m2\repository\org\springframework\spring-context\5.2.10.RELEASE\spring-context-5.2.10.RELEASE.jar;C:\Users\hamza.DESKTOP-F89DU6M\.m2\repository\org\springframework\boot\spring-boot-autoconfigure\2.3.5.RELEASE\spring-boot-autoconfigure-2.3.5.RELEASE.jar;C:\Users\hamza.DESKTOP-F89DU6M\.m2\repository\org\springframework\boot\spring-boot-starter-data-jpa\2.3.5.RELEASE\spring-boot-starter-data-jpa-2.3.5.RELEASE.jar;C:\Users\hamza.DESKTOP-F89DU6M\.m2\repository\org\springframework\boot\spring-boot-starter-aop\2.3.5.RELEASE\spring-boot-starter-aop-2.3.5.RELEASE.jar;C:\Users\hamza.DESKTOP-F89DU6M\.m2\repository\org\springframework\spring-aop\5.2.10.RELEASE\spring-aop-5.2.10.RELEASE.jar;C:\Users\hamza.DESKTOP-F89DU6M\.m2\repository\org\aspectj\aspectjweaver\1.9.6\aspectjweaver-1.9.6.jar;C:\Users\hamza.DESKTOP-F89DU6M\.m2\repository\org\springframework\boot\spring-boot-starter-jdbc\2.3.5.RELEASE\spring-boot-starter-jdbc-2.3.5.RELEASE.jar;C:\Users\hamza.DESKTOP-F89DU6M\.m2\repository\com\zaxxer\HikariCP\3.4.5\HikariCP-3.4.5.jar;C:\Users\hamza.DESKTOP-F89DU6M\.m2\repository\org\springframework\spring-jdbc\5.2.10.RELEASE\spring-jdbc-5.2.10.RELEASE.jar;C:\Users\hamza.DESKTOP-F89DU6M\.m2\repository\jakarta\transaction\jakarta.transaction-api\1.3.3\jakarta.transaction-api-1.3.3.jar;C:\Users\hamza.DESKTOP-F89DU6M\.m2\repository\jakarta\persistence\jakarta.persistence-api\2.2.3\jakarta.persistence-api-2.2.3.jar;C:\Users\hamza.DESKTOP-F89DU6M\.m2\repository\org\hibernate\hibernate-core\5.4.22.Final\hibernate-core-5.4.22.Final.jar;C:\Users\hamza.DESKTOP-F89DU6M\.m2\repository\org\jboss\logging\jboss-logging\3.4.1.Final\jboss-logging-3.4.1.Final.jar;C:\Users\hamza.DESKTOP-F89DU6M\.m2\repository\org\javassist\javassist\3.24.0-GA\javassist-3.24.0-GA.jar;C:\Users\hamza.DESKTOP-F89DU6M\.m2\repository\net\bytebuddy\byte-buddy\1.10.17\byte-buddy-1.10.17.jar;C:\Users\hamza.DESKTOP-F89DU6M\.m2\repository\antlr\antlr\2.7.7\antlr-2.7.7.jar;C:\Users\hamza.DESKTOP-F89DU6M\.m2\repository\org\jboss\jandex\2.1.3.Final\jandex-2.1.3.Final.jar;C:\Users\hamza.DESKTOP-F89DU6M\.m2\repository\com\fasterxml\classmate\1.5.1\classmate-1.5.1.jar;C:\Users\hamza.DESKTOP-F89DU6M\.m2\repository\org\dom4j\dom4j\2.1.3\dom4j-2.1.3.jar;C:\Users\hamza.DESKTOP-F89DU6M\.m2\repository\org\hibernate\common\hibernate-commons-annotations\5.1.0.Final\hibernate-commons-annotations-5.1.0.Final.jar;C:\Users\hamza.DESKTOP-F89DU6M\.m2\repository\org\glassfish\jaxb\jaxb-runtime\2.3.3\jaxb-runtime-2.3.3.jar;C:\Users\hamza.DESKTOP-F89DU6M\.m2\repository\org\glassfish\jaxb\txw2\2.3.3\txw2-2.3.3.jar;C:\Users\hamza.DESKTOP-F89DU6M\.m2\repository\com\sun\istack\istack-commons-runtime\3.0.11\istack-commons-runtime-3.0.11.jar;C:\Users\hamza.DESKTOP-F89DU6M\.m2\repository\com\sun\activation\jakarta.activation\1.2.2\jakarta.activation-1.2.2.jar;C:\Users\hamza.DESKTOP-F89DU6M\.m2\repository\org\springframework\data\spring-data-jpa\2.3.5.RELEASE\spring-data-jpa-2.3.5.RELEASE.jar;C:\Users\hamza.DESKTOP-F89DU6M\.m2\repository\org\springframework\data\spring-data-commons\2.3.5.RELEASE\spring-data-commons-2.3.5.RELEASE.jar;C:\Users\hamza.DESKTOP-F89DU6M\.m2\repository\org\springframework\spring-orm\5.2.10.RELEASE\spring-orm-5.2.10.RELEASE.jar;C:\Users\hamza.DESKTOP-F89DU6M\.m2\repository\org\springframework\spring-tx\5.2.10.RELEASE\spring-tx-5.2.10.RELEASE.jar;C:\Users\hamza.DESKTOP-F89DU6M\.m2\repository\org\springframework\spring-beans\5.2.10.RELEASE\spring-beans-5.2.10.RELEASE.jar;C:\Users\hamza.DESKTOP-F89DU6M\.m2\repository\org\slf4j\slf4j-api\1.7.30\slf4j-api-1.7.30.jar;C:\Users\hamza.DESKTOP-F89DU6M\.m2\repository\org\springframework\spring-aspects\5.2.10.RELEASE\spring-aspects-5.2.10.RELEASE.jar;C:\Users\hamza.DESKTOP-F89DU6M\.m2\repository\org\springframework\boot\spring-boot-starter-web\2.3.5.RELEASE\spring-boot-starter-web-2.3.5.RELEASE.jar;C:\Users\hamza.DESKTOP-F89DU6M\.m2\repository\org\springframework\boot\spring-boot-starter\2.3.5.RELEASE\spring-boot-starter-2.3.5.RELEASE.jar;C:\Users\hamza.DESKTOP-F89DU6M\.m2\repository\org\springframework\boot\spring-boot-starter-logging\2.3.5.RELEASE\spring-boot-starter-logging-2.3.5.RELEASE.jar;C:\Users\hamza.DESKTOP-F89DU6M\.m2\repository\ch\qos\logback\logback-classic\1.2.3\logback-classic-1.2.3.jar;C:\Users\hamza.DESKTOP-F89DU6M\.m2\repository\ch\qos\logback\logback-core\1.2.3\logback-core-1.2.3.jar;C:\Users\hamza.DESKTOP-F89DU6M\.m2\repository\org\apache\logging\log4j\log4j-to-slf4j\2.13.3\log4j-to-slf4j-2.13.3.jar;C:\Users\hamza.DESKTOP-F89DU6M\.m2\repository\org\apache\logging\log4j\log4j-api\2.13.3\log4j-api-2.13.3.jar;C:\Users\hamza.DESKTOP-F89DU6M\.m2\repository\org\slf4j\jul-to-slf4j\1.7.30\jul-to-slf4j-1.7.30.jar;C:\Users\hamza.DESKTOP-F89DU6M\.m2\repository\jakarta\annotation\jakarta.annotation-api\1.3.5\jakarta.annotation-api-1.3.5.jar;C:\Users\hamza.DESKTOP-F89DU6M\.m2\repository\org\yaml\snakeyaml\1.26\snakeyaml-1.26.jar;C:\Users\hamza.DESKTOP-F89DU6M\.m2\repository\org\springframework\boot\spring-boot-starter-json\2.3.5.RELEASE\spring-boot-starter-json-2.3.5.RELEASE.jar;C:\Users\hamza.DESKTOP-F89DU6M\.m2\repository\com\fasterxml\jackson\core\jackson-databind\2.11.3\jackson-databind-2.11.3.jar;C:\Users\hamza.DESKTOP-F89DU6M\.m2\repository\com\fasterxml\jackson\core\jackson-annotations\2.11.3\jackson-annotations-2.11.3.jar;C:\Users\hamza.DESKTOP-F89DU6M\.m2\repository\com\fasterxml\jackson\core\jackson-core\2.11.3\jackson-core-2.11.3.jar;C:\Users\hamza.DESKTOP-F89DU6M\.m2\repository\com\fasterxml\jackson\datatype\jackson-datatype-jdk8\2.11.3\jackson-datatype-jdk8-2.11.3.jar;C:\Users\hamza.DESKTOP-F89DU6M\.m2\repository\com\fasterxml\jackson\datatype\jackson-datatype-jsr310\2.11.3\jackson-datatype-jsr310-2.11.3.jar;C:\Users\hamza.DESKTOP-F89DU6M\.m2\repository\com\fasterxml\jackson\module\jackson-module-parameter-names\2.11.3\jackson-module-parameter-names-2.11.3.jar;C:\Users\hamza.DESKTOP-F89DU6M\.m2\repository\org\springframework\boot\spring-boot-starter-tomcat\2.3.5.RELEASE\spring-boot-starter-tomcat-2.3.5.RELEASE.jar;C:\Users\hamza.DESKTOP-F89DU6M\.m2\repository\org\apache\tomcat\embed\tomcat-embed-core\9.0.39\tomcat-embed-core-9.0.39.jar;C:\Users\hamza.DESKTOP-F89DU6M\.m2\repository\org\apache\tomcat\embed\tomcat-embed-websocket\9.0.39\tomcat-embed-websocket-9.0.39.jar;C:\Users\hamza.DESKTOP-F89DU6M\.m2\repository\org\springframework\spring-web\5.2.10.RELEASE\spring-web-5.2.10.RELEASE.jar;C:\Users\hamza.DESKTOP-F89DU6M\.m2\repository\org\springframework\spring-webmvc\5.2.10.RELEASE\spring-webmvc-5.2.10.RELEASE.jar;C:\Users\hamza.DESKTOP-F89DU6M\.m2\repository\org\springframework\spring-expression\5.2.10.RELEASE\spring-expression-5.2.10.RELEASE.jar;C:\Users\hamza.DESKTOP-F89DU6M\.m2\repository\org\springframework\boot\spring-boot-starter-validation\2.3.5.RELEASE\spring-boot-starter-validation-2.3.5.RELEASE.jar;C:\Users\hamza.DESKTOP-F89DU6M\.m2\repository\org\glassfish\jakarta.el\3.0.3\jakarta.el-3.0.3.jar;C:\Users\hamza.DESKTOP-F89DU6M\.m2\repository\org\hibernate\validator\hibernate-validator\6.1.6.Final\hibernate-validator-6.1.6.Final.jar;C:\Users\hamza.DESKTOP-F89DU6M\.m2\repository\jakarta\validation\jakarta.validation-api\2.0.2\jakarta.validation-api-2.0.2.jar;C:\Users\hamza.DESKTOP-F89DU6M\.m2\repository\mysql\mysql-connector-java\8.0.22\mysql-connector-java-8.0.22.jar;C:\Users\hamza.DESKTOP-F89DU6M\.m2\repository\org\springframework\boot\spring-boot-starter-test\2.3.5.RELEASE\spring-boot-starter-test-2.3.5.RELEASE.jar;C:\Users\hamza.DESKTOP-F89DU6M\.m2\repository\org\springframework\boot\spring-boot-test\2.3.5.RELEASE\spring-boot-test-2.3.5.RELEASE.jar;C:\Users\hamza.DESKTOP-F89DU6M\.m2\repository\org\springframework\boot\spring-boot-test-autoconfigure\2.3.5.RELEASE\spring-boot-test-autoconfigure-2.3.5.RELEASE.jar;C:\Users\hamza.DESKTOP-F89DU6M\.m2\repository\com\jayway\jsonpath\json-path\2.4.0\json-path-2.4.0.jar;C:\Users\hamza.DESKTOP-F89DU6M\.m2\repository\net\minidev\json-smart\2.3\json-smart-2.3.jar;C:\Users\hamza.DESKTOP-F89DU6M\.m2\repository\net\minidev\accessors-smart\1.2\accessors-smart-1.2.jar;C:\Users\hamza.DESKTOP-F89DU6M\.m2\repository\jakarta\xml\bind\jakarta.xml.bind-api\2.3.3\jakarta.xml.bind-api-2.3.3.jar;C:\Users\hamza.DESKTOP-F89DU6M\.m2\repository\jakarta\activation\jakarta.activation-api\1.2.2\jakarta.activation-api-1.2.2.jar;C:\Users\hamza.DESKTOP-F89DU6M\.m2\repository\org\assertj\assertj-core\3.16.1\assertj-core-3.16.1.jar;C:\Users\hamza.DESKTOP-F89DU6M\.m2\repository\org\hamcrest\hamcrest\2.2\hamcrest-2.2.jar;C:\Users\hamza.DESKTOP-F89DU6M\.m2\repository\org\junit\jupiter\junit-jupiter\5.6.3\junit-jupiter-5.6.3.jar;C:\Users\hamza.DESKTOP-F89DU6M\.m2\repository\org\junit\jupiter\junit-jupiter-api\5.6.3\junit-jupiter-api-5.6.3.jar;C:\Users\hamza.DESKTOP-F89DU6M\.m2\repository\org\opentest4j\opentest4j\1.2.0\opentest4j-1.2.0.jar;C:\Users\hamza.DESKTOP-F89DU6M\.m2\repository\org\junit\platform\junit-platform-commons\1.6.3\junit-platform-commons-1.6.3.jar;C:\Users\hamza.DESKTOP-F89DU6M\.m2\repository\org\junit\jupiter\junit-jupiter-params\5.6.3\junit-jupiter-params-5.6.3.jar;C:\Users\hamza.DESKTOP-F89DU6M\.m2\repository\org\junit\jupiter\junit-jupiter-engine\5.6.3\junit-jupiter-engine-5.6.3.jar;C:\Users\hamza.DESKTOP-F89DU6M\.m2\repository\org\junit\vintage\junit-vintage-engine\5.6.3\junit-vintage-engine-5.6.3.jar;C:\Users\hamza.DESKTOP-F89DU6M\.m2\repository\org\apiguardian\apiguardian-api\1.1.0\apiguardian-api-1.1.0.jar;C:\Users\hamza.DESKTOP-F89DU6M\.m2\repository\org\junit\platform\junit-platform-engine\1.6.3\junit-platform-engine-1.6.3.jar;C:\Users\hamza.DESKTOP-F89DU6M\.m2\repository\junit\junit\4.13.1\junit-4.13.1.jar;C:\Users\hamza.DESKTOP-F89DU6M\.m2\repository\org\mockito\mockito-core\3.3.3\mockito-core-3.3.3.jar;C:\Users\hamza.DESKTOP-F89DU6M\.m2\repository\net\bytebuddy\byte-buddy-agent\1.10.17\byte-buddy-agent-1.10.17.jar;C:\Users\hamza.DESKTOP-F89DU6M\.m2\repository\org\objenesis\objenesis\2.6\objenesis-2.6.jar;C:\Users\hamza.DESKTOP-F89DU6M\.m2\repository\org\mockito\mockito-junit-jupiter\3.3.3\mockito-junit-jupiter-3.3.3.jar;C:\Users\hamza.DESKTOP-F89DU6M\.m2\repository\org\skyscreamer\jsonassert\1.5.0\jsonassert-1.5.0.jar;C:\Users\hamza.DESKTOP-F89DU6M\.m2\repository\com\vaadin\external\google\android-json\0.0.20131108.vaadin1\android-json-0.0.20131108.vaadin1.jar;C:\Users\hamza.DESKTOP-F89DU6M\.m2\repository\org\springframework\spring-core\5.2.10.RELEASE\spring-core-5.2.10.RELEASE.jar;C:\Users\hamza.DESKTOP-F89DU6M\.m2\repository\org\springframework\spring-jcl\5.2.10.RELEASE\spring-jcl-5.2.10.RELEASE.jar;C:\Users\hamza.DESKTOP-F89DU6M\.m2\repository\org\springframework\spring-test\5.2.10.RELEASE\spring-test-5.2.10.RELEASE.jar;C:\Users\hamza.DESKTOP-F89DU6M\.m2\repository\org\xmlunit\xmlunit-core\2.7.0\xmlunit-core-2.7.0.jar;"/>
    <property name="java.vm.vendor" value="Oracle Corporation"/>
    <property name="sun.arch.data.model" value="64"/>
    <property name="user.variant" value=""/>
    <property name="java.vendor.url" value="http://java.oracle.com/"/>
    <property name="user.timezone" value="Africa/Luanda"/>
    <property name="java.vm.specification.version" value="1.8"/>
    <property name="os.name" value="Windows 10"/>
    <property name="user.country" value="FR"/>
    <property name="sun.java.launcher" value="SUN_STANDARD"/>
    <property name="sun.boot.library.path" value="C:\Program Files\Java\jdk1.8.0_301\jre\bin"/>
    <property name="sun.java.command" value="C:\Users\HAMZA~1.DES\AppData\Local\Temp\surefire2905607566723853014\surefirebooter1587999708469525557.jar C:\Users\hamza.DESKTOP-F89DU6M\AppData\Local\Temp\surefire2905607566723853014 2021-10-21T17-25-52_910-jvmRun1 surefire8054753641958516484tmp surefire_03499105585316159709tmp"/>
    <property name="surefire.test.class.path" value="C:\Users\hamza.DESKTOP-F89DU6M\workspace-sts-3.8.4.RELEASE\timesheet-ci\target\test-classes;C:\Users\hamza.DESKTOP-F89DU6M\workspace-sts-3.8.4.RELEASE\timesheet-ci\target\classes;C:\Users\hamza.DESKTOP-F89DU6M\.m2\repository\org\jacoco\jacoco-maven-plugin\0.8.6\jacoco-maven-plugin-0.8.6.jar;C:\Users\hamza.DESKTOP-F89DU6M\.m2\repository\org\apache\maven\maven-plugin-api\3.0\maven-plugin-api-3.0.jar;C:\Users\hamza.DESKTOP-F89DU6M\.m2\repository\org\apache\maven\maven-model\3.0\maven-model-3.0.jar;C:\Users\hamza.DESKTOP-F89DU6M\.m2\repository\org\apache\maven\maven-artifact\3.0\maven-artifact-3.0.jar;C:\Users\hamza.DESKTOP-F89DU6M\.m2\repository\org\sonatype\sisu\sisu-inject-plexus\1.4.2\sisu-inject-plexus-1.4.2.jar;C:\Users\hamza.DESKTOP-F89DU6M\.m2\repository\org\sonatype\sisu\sisu-inject-bean\1.4.2\sisu-inject-bean-1.4.2.jar;C:\Users\hamza.DESKTOP-F89DU6M\.m2\repository\org\sonatype\sisu\sisu-guice\2.1.7\sisu-guice-2.1.7-noaop.jar;C:\Users\hamza.DESKTOP-F89DU6M\.m2\repository\org\apache\maven\maven-core\3.0\maven-core-3.0.jar;C:\Users\hamza.DESKTOP-F89DU6M\.m2\repository\org\apache\maven\maven-settings\3.0\maven-settings-3.0.jar;C:\Users\hamza.DESKTOP-F89DU6M\.m2\repository\org\apache\maven\maven-settings-builder\3.0\maven-settings-builder-3.0.jar;C:\Users\hamza.DESKTOP-F89DU6M\.m2\repository\org\apache\maven\maven-repository-metadata\3.0\maven-repository-metadata-3.0.jar;C:\Users\hamza.DESKTOP-F89DU6M\.m2\repository\org\apache\maven\maven-model-builder\3.0\maven-model-builder-3.0.jar;C:\Users\hamza.DESKTOP-F89DU6M\.m2\repository\org\apache\maven\maven-aether-provider\3.0\maven-aether-provider-3.0.jar;C:\Users\hamza.DESKTOP-F89DU6M\.m2\repository\org\sonatype\aether\aether-impl\1.7\aether-impl-1.7.jar;C:\Users\hamza.DESKTOP-F89DU6M\.m2\repository\org\sonatype\aether\aether-spi\1.7\aether-spi-1.7.jar;C:\Users\hamza.DESKTOP-F89DU6M\.m2\repository\org\sonatype\aether\aether-api\1.7\aether-api-1.7.jar;C:\Users\hamza.DESKTOP-F89DU6M\.m2\repository\org\sonatype\aether\aether-util\1.7\aether-util-1.7.jar;C:\Users\hamza.DESKTOP-F89DU6M\.m2\repository\org\codehaus\plexus\plexus-interpolation\1.14\plexus-interpolation-1.14.jar;C:\Users\hamza.DESKTOP-F89DU6M\.m2\repository\org\codehaus\plexus\plexus-classworlds\2.2.3\plexus-classworlds-2.2.3.jar;C:\Users\hamza.DESKTOP-F89DU6M\.m2\repository\org\codehaus\plexus\plexus-component-annotations\1.5.5\plexus-component-annotations-1.5.5.jar;C:\Users\hamza.DESKTOP-F89DU6M\.m2\repository\org\sonatype\plexus\plexus-sec-dispatcher\1.3\plexus-sec-dispatcher-1.3.jar;C:\Users\hamza.DESKTOP-F89DU6M\.m2\repository\org\sonatype\plexus\plexus-cipher\1.4\plexus-cipher-1.4.jar;C:\Users\hamza.DESKTOP-F89DU6M\.m2\repository\org\codehaus\plexus\plexus-utils\3.0.22\plexus-utils-3.0.22.jar;C:\Users\hamza.DESKTOP-F89DU6M\.m2\repository\org\apache\maven\shared\file-management\1.2.1\file-management-1.2.1.jar;C:\Users\hamza.DESKTOP-F89DU6M\.m2\repository\org\apache\maven\shared\maven-shared-io\1.1\maven-shared-io-1.1.jar;C:\Users\hamza.DESKTOP-F89DU6M\.m2\repository\org\apache\maven\maven-artifact-manager\2.0.2\maven-artifact-manager-2.0.2.jar;C:\Users\hamza.DESKTOP-F89DU6M\.m2\repository\org\apache\maven\wagon\wagon-provider-api\1.0-alpha-6\wagon-provider-api-1.0-alpha-6.jar;C:\Users\hamza.DESKTOP-F89DU6M\.m2\repository\org\codehaus\plexus\plexus-container-default\1.0-alpha-9\plexus-container-default-1.0-alpha-9.jar;C:\Users\hamza.DESKTOP-F89DU6M\.m2\repository\classworlds\classworlds\1.1-alpha-2\classworlds-1.1-alpha-2.jar;C:\Users\hamza.DESKTOP-F89DU6M\.m2\repository\org\apache\maven\reporting\maven-reporting-api\3.0\maven-reporting-api-3.0.jar;C:\Users\hamza.DESKTOP-F89DU6M\.m2\repository\org\apache\maven\doxia\doxia-sink-api\1.0\doxia-sink-api-1.0.jar;C:\Users\hamza.DESKTOP-F89DU6M\.m2\repository\org\apache\maven\reporting\maven-reporting-impl\2.1\maven-reporting-impl-2.1.jar;C:\Users\hamza.DESKTOP-F89DU6M\.m2\repository\org\apache\maven\maven-project\2.0.10\maven-project-2.0.10.jar;C:\Users\hamza.DESKTOP-F89DU6M\.m2\repository\org\apache\maven\maven-profile\2.0.10\maven-profile-2.0.10.jar;C:\Users\hamza.DESKTOP-F89DU6M\.m2\repository\org\apache\maven\maven-plugin-registry\2.0.10\maven-plugin-registry-2.0.10.jar;C:\Users\hamza.DESKTOP-F89DU6M\.m2\repository\org\apache\maven\doxia\doxia-core\1.1.2\doxia-core-1.1.2.jar;C:\Users\hamza.DESKTOP-F89DU6M\.m2\repository\org\apache\maven\doxia\doxia-logging-api\1.1.2\doxia-logging-api-1.1.2.jar;C:\Users\hamza.DESKTOP-F89DU6M\.m2\repository\xerces\xercesImpl\2.8.1\xercesImpl-2.8.1.jar;C:\Users\hamza.DESKTOP-F89DU6M\.m2\repository\commons-lang\commons-lang\2.4\commons-lang-2.4.jar;C:\Users\hamza.DESKTOP-F89DU6M\.m2\repository\commons-httpclient\commons-httpclient\3.1\commons-httpclient-3.1.jar;C:\Users\hamza.DESKTOP-F89DU6M\.m2\repository\commons-codec\commons-codec\1.14\commons-codec-1.14.jar;C:\Users\hamza.DESKTOP-F89DU6M\.m2\repository\org\apache\maven\doxia\doxia-site-renderer\1.1.2\doxia-site-renderer-1.1.2.jar;C:\Users\hamza.DESKTOP-F89DU6M\.m2\repository\org\apache\maven\doxia\doxia-decoration-model\1.1.2\doxia-decoration-model-1.1.2.jar;C:\Users\hamza.DESKTOP-F89DU6M\.m2\repository\org\apache\maven\doxia\doxia-module-xhtml\1.1.2\doxia-module-xhtml-1.1.2.jar;C:\Users\hamza.DESKTOP-F89DU6M\.m2\repository\org\apache\maven\doxia\doxia-module-fml\1.1.2\doxia-module-fml-1.1.2.jar;C:\Users\hamza.DESKTOP-F89DU6M\.m2\repository\org\codehaus\plexus\plexus-i18n\1.0-beta-7\plexus-i18n-1.0-beta-7.jar;C:\Users\hamza.DESKTOP-F89DU6M\.m2\repository\org\codehaus\plexus\plexus-velocity\1.1.7\plexus-velocity-1.1.7.jar;C:\Users\hamza.DESKTOP-F89DU6M\.m2\repository\org\apache\velocity\velocity\1.5\velocity-1.5.jar;C:\Users\hamza.DESKTOP-F89DU6M\.m2\repository\commons-collections\commons-collections\3.2\commons-collections-3.2.jar;C:\Users\hamza.DESKTOP-F89DU6M\.m2\repository\commons-validator\commons-validator\1.2.0\commons-validator-1.2.0.jar;C:\Users\hamza.DESKTOP-F89DU6M\.m2\repository\commons-beanutils\commons-beanutils\1.7.0\commons-beanutils-1.7.0.jar;C:\Users\hamza.DESKTOP-F89DU6M\.m2\repository\commons-digester\commons-digester\1.6\commons-digester-1.6.jar;C:\Users\hamza.DESKTOP-F89DU6M\.m2\repository\commons-logging\commons-logging\1.0.4\commons-logging-1.0.4.jar;C:\Users\hamza.DESKTOP-F89DU6M\.m2\repository\oro\oro\2.0.8\oro-2.0.8.jar;C:\Users\hamza.DESKTOP-F89DU6M\.m2\repository\xml-apis\xml-apis\1.0.b2\xml-apis-1.0.b2.jar;C:\Users\hamza.DESKTOP-F89DU6M\.m2\repository\org\jacoco\org.jacoco.agent\0.8.6\org.jacoco.agent-0.8.6-runtime.jar;C:\Users\hamza.DESKTOP-F89DU6M\.m2\repository\org\jacoco\org.jacoco.core\0.8.6\org.jacoco.core-0.8.6.jar;C:\Users\hamza.DESKTOP-F89DU6M\.m2\repository\org\ow2\asm\asm\8.0.1\asm-8.0.1.jar;C:\Users\hamza.DESKTOP-F89DU6M\.m2\repository\org\ow2\asm\asm-commons\8.0.1\asm-commons-8.0.1.jar;C:\Users\hamza.DESKTOP-F89DU6M\.m2\repository\org\ow2\asm\asm-analysis\8.0.1\asm-analysis-8.0.1.jar;C:\Users\hamza.DESKTOP-F89DU6M\.m2\repository\org\ow2\asm\asm-tree\8.0.1\asm-tree-8.0.1.jar;C:\Users\hamza.DESKTOP-F89DU6M\.m2\repository\org\jacoco\org.jacoco.report\0.8.6\org.jacoco.report-0.8.6.jar;C:\Users\hamza.DESKTOP-F89DU6M\.m2\repository\org\springframework\boot\spring-boot-devtools\2.3.5.RELEASE\spring-boot-devtools-2.3.5.RELEASE.jar;C:\Users\hamza.DESKTOP-F89DU6M\.m2\repository\org\springframework\boot\spring-boot\2.3.5.RELEASE\spring-boot-2.3.5.RELEASE.jar;C:\Users\hamza.DESKTOP-F89DU6M\.m2\repository\org\springframework\spring-context\5.2.10.RELEASE\spring-context-5.2.10.RELEASE.jar;C:\Users\hamza.DESKTOP-F89DU6M\.m2\repository\org\springframework\boot\spring-boot-autoconfigure\2.3.5.RELEASE\spring-boot-autoconfigure-2.3.5.RELEASE.jar;C:\Users\hamza.DESKTOP-F89DU6M\.m2\repository\org\springframework\boot\spring-boot-starter-data-jpa\2.3.5.RELEASE\spring-boot-starter-data-jpa-2.3.5.RELEASE.jar;C:\Users\hamza.DESKTOP-F89DU6M\.m2\repository\org\springframework\boot\spring-boot-starter-aop\2.3.5.RELEASE\spring-boot-starter-aop-2.3.5.RELEASE.jar;C:\Users\hamza.DESKTOP-F89DU6M\.m2\repository\org\springframework\spring-aop\5.2.10.RELEASE\spring-aop-5.2.10.RELEASE.jar;C:\Users\hamza.DESKTOP-F89DU6M\.m2\repository\org\aspectj\aspectjweaver\1.9.6\aspectjweaver-1.9.6.jar;C:\Users\hamza.DESKTOP-F89DU6M\.m2\repository\org\springframework\boot\spring-boot-starter-jdbc\2.3.5.RELEASE\spring-boot-starter-jdbc-2.3.5.RELEASE.jar;C:\Users\hamza.DESKTOP-F89DU6M\.m2\repository\com\zaxxer\HikariCP\3.4.5\HikariCP-3.4.5.jar;C:\Users\hamza.DESKTOP-F89DU6M\.m2\repository\org\springframework\spring-jdbc\5.2.10.RELEASE\spring-jdbc-5.2.10.RELEASE.jar;C:\Users\hamza.DESKTOP-F89DU6M\.m2\repository\jakarta\transaction\jakarta.transaction-api\1.3.3\jakarta.transaction-api-1.3.3.jar;C:\Users\hamza.DESKTOP-F89DU6M\.m2\repository\jakarta\persistence\jakarta.persistence-api\2.2.3\jakarta.persistence-api-2.2.3.jar;C:\Users\hamza.DESKTOP-F89DU6M\.m2\repository\org\hibernate\hibernate-core\5.4.22.Final\hibernate-core-5.4.22.Final.jar;C:\Users\hamza.DESKTOP-F89DU6M\.m2\repository\org\jboss\logging\jboss-logging\3.4.1.Final\jboss-logging-3.4.1.Final.jar;C:\Users\hamza.DESKTOP-F89DU6M\.m2\repository\org\javassist\javassist\3.24.0-GA\javassist-3.24.0-GA.jar;C:\Users\hamza.DESKTOP-F89DU6M\.m2\repository\net\bytebuddy\byte-buddy\1.10.17\byte-buddy-1.10.17.jar;C:\Users\hamza.DESKTOP-F89DU6M\.m2\repository\antlr\antlr\2.7.7\antlr-2.7.7.jar;C:\Users\hamza.DESKTOP-F89DU6M\.m2\repository\org\jboss\jandex\2.1.3.Final\jandex-2.1.3.Final.jar;C:\Users\hamza.DESKTOP-F89DU6M\.m2\repository\com\fasterxml\classmate\1.5.1\classmate-1.5.1.jar;C:\Users\hamza.DESKTOP-F89DU6M\.m2\repository\org\dom4j\dom4j\2.1.3\dom4j-2.1.3.jar;C:\Users\hamza.DESKTOP-F89DU6M\.m2\repository\org\hibernate\common\hibernate-commons-annotations\5.1.0.Final\hibernate-commons-annotations-5.1.0.Final.jar;C:\Users\hamza.DESKTOP-F89DU6M\.m2\repository\org\glassfish\jaxb\jaxb-runtime\2.3.3\jaxb-runtime-2.3.3.jar;C:\Users\hamza.DESKTOP-F89DU6M\.m2\repository\org\glassfish\jaxb\txw2\2.3.3\txw2-2.3.3.jar;C:\Users\hamza.DESKTOP-F89DU6M\.m2\repository\com\sun\istack\istack-commons-runtime\3.0.11\istack-commons-runtime-3.0.11.jar;C:\Users\hamza.DESKTOP-F89DU6M\.m2\repository\com\sun\activation\jakarta.activation\1.2.2\jakarta.activation-1.2.2.jar;C:\Users\hamza.DESKTOP-F89DU6M\.m2\repository\org\springframework\data\spring-data-jpa\2.3.5.RELEASE\spring-data-jpa-2.3.5.RELEASE.jar;C:\Users\hamza.DESKTOP-F89DU6M\.m2\repository\org\springframework\data\spring-data-commons\2.3.5.RELEASE\spring-data-commons-2.3.5.RELEASE.jar;C:\Users\hamza.DESKTOP-F89DU6M\.m2\repository\org\springframework\spring-orm\5.2.10.RELEASE\spring-orm-5.2.10.RELEASE.jar;C:\Users\hamza.DESKTOP-F89DU6M\.m2\repository\org\springframework\spring-tx\5.2.10.RELEASE\spring-tx-5.2.10.RELEASE.jar;C:\Users\hamza.DESKTOP-F89DU6M\.m2\repository\org\springframework\spring-beans\5.2.10.RELEASE\spring-beans-5.2.10.RELEASE.jar;C:\Users\hamza.DESKTOP-F89DU6M\.m2\repository\org\slf4j\slf4j-api\1.7.30\slf4j-api-1.7.30.jar;C:\Users\hamza.DESKTOP-F89DU6M\.m2\repository\org\springframework\spring-aspects\5.2.10.RELEASE\spring-aspects-5.2.10.RELEASE.jar;C:\Users\hamza.DESKTOP-F89DU6M\.m2\repository\org\springframework\boot\spring-boot-starter-web\2.3.5.RELEASE\spring-boot-starter-web-2.3.5.RELEASE.jar;C:\Users\hamza.DESKTOP-F89DU6M\.m2\repository\org\springframework\boot\spring-boot-starter\2.3.5.RELEASE\spring-boot-starter-2.3.5.RELEASE.jar;C:\Users\hamza.DESKTOP-F89DU6M\.m2\repository\org\springframework\boot\spring-boot-starter-logging\2.3.5.RELEASE\spring-boot-starter-logging-2.3.5.RELEASE.jar;C:\Users\hamza.DESKTOP-F89DU6M\.m2\repository\ch\qos\logback\logback-classic\1.2.3\logback-classic-1.2.3.jar;C:\Users\hamza.DESKTOP-F89DU6M\.m2\repository\ch\qos\logback\logback-core\1.2.3\logback-core-1.2.3.jar;C:\Users\hamza.DESKTOP-F89DU6M\.m2\repository\org\apache\logging\log4j\log4j-to-slf4j\2.13.3\log4j-to-slf4j-2.13.3.jar;C:\Users\hamza.DESKTOP-F89DU6M\.m2\repository\org\apache\logging\log4j\log4j-api\2.13.3\log4j-api-2.13.3.jar;C:\Users\hamza.DESKTOP-F89DU6M\.m2\repository\org\slf4j\jul-to-slf4j\1.7.30\jul-to-slf4j-1.7.30.jar;C:\Users\hamza.DESKTOP-F89DU6M\.m2\repository\jakarta\annotation\jakarta.annotation-api\1.3.5\jakarta.annotation-api-1.3.5.jar;C:\Users\hamza.DESKTOP-F89DU6M\.m2\repository\org\yaml\snakeyaml\1.26\snakeyaml-1.26.jar;C:\Users\hamza.DESKTOP-F89DU6M\.m2\repository\org\springframework\boot\spring-boot-starter-json\2.3.5.RELEASE\spring-boot-starter-json-2.3.5.RELEASE.jar;C:\Users\hamza.DESKTOP-F89DU6M\.m2\repository\com\fasterxml\jackson\core\jackson-databind\2.11.3\jackson-databind-2.11.3.jar;C:\Users\hamza.DESKTOP-F89DU6M\.m2\repository\com\fasterxml\jackson\core\jackson-annotations\2.11.3\jackson-annotations-2.11.3.jar;C:\Users\hamza.DESKTOP-F89DU6M\.m2\repository\com\fasterxml\jackson\core\jackson-core\2.11.3\jackson-core-2.11.3.jar;C:\Users\hamza.DESKTOP-F89DU6M\.m2\repository\com\fasterxml\jackson\datatype\jackson-datatype-jdk8\2.11.3\jackson-datatype-jdk8-2.11.3.jar;C:\Users\hamza.DESKTOP-F89DU6M\.m2\repository\com\fasterxml\jackson\datatype\jackson-datatype-jsr310\2.11.3\jackson-datatype-jsr310-2.11.3.jar;C:\Users\hamza.DESKTOP-F89DU6M\.m2\repository\com\fasterxml\jackson\module\jackson-module-parameter-names\2.11.3\jackson-module-parameter-names-2.11.3.jar;C:\Users\hamza.DESKTOP-F89DU6M\.m2\repository\org\springframework\boot\spring-boot-starter-tomcat\2.3.5.RELEASE\spring-boot-starter-tomcat-2.3.5.RELEASE.jar;C:\Users\hamza.DESKTOP-F89DU6M\.m2\repository\org\apache\tomcat\embed\tomcat-embed-core\9.0.39\tomcat-embed-core-9.0.39.jar;C:\Users\hamza.DESKTOP-F89DU6M\.m2\repository\org\apache\tomcat\embed\tomcat-embed-websocket\9.0.39\tomcat-embed-websocket-9.0.39.jar;C:\Users\hamza.DESKTOP-F89DU6M\.m2\repository\org\springframework\spring-web\5.2.10.RELEASE\spring-web-5.2.10.RELEASE.jar;C:\Users\hamza.DESKTOP-F89DU6M\.m2\repository\org\springframework\spring-webmvc\5.2.10.RELEASE\spring-webmvc-5.2.10.RELEASE.jar;C:\Users\hamza.DESKTOP-F89DU6M\.m2\repository\org\springframework\spring-expression\5.2.10.RELEASE\spring-expression-5.2.10.RELEASE.jar;C:\Users\hamza.DESKTOP-F89DU6M\.m2\repository\org\springframework\boot\spring-boot-starter-validation\2.3.5.RELEASE\spring-boot-starter-validation-2.3.5.RELEASE.jar;C:\Users\hamza.DESKTOP-F89DU6M\.m2\repository\org\glassfish\jakarta.el\3.0.3\jakarta.el-3.0.3.jar;C:\Users\hamza.DESKTOP-F89DU6M\.m2\repository\org\hibernate\validator\hibernate-validator\6.1.6.Final\hibernate-validator-6.1.6.Final.jar;C:\Users\hamza.DESKTOP-F89DU6M\.m2\repository\jakarta\validation\jakarta.validation-api\2.0.2\jakarta.validation-api-2.0.2.jar;C:\Users\hamza.DESKTOP-F89DU6M\.m2\repository\mysql\mysql-connector-java\8.0.22\mysql-connector-java-8.0.22.jar;C:\Users\hamza.DESKTOP-F89DU6M\.m2\repository\org\springframework\boot\spring-boot-starter-test\2.3.5.RELEASE\spring-boot-starter-test-2.3.5.RELEASE.jar;C:\Users\hamza.DESKTOP-F89DU6M\.m2\repository\org\springframework\boot\spring-boot-test\2.3.5.RELEASE\spring-boot-test-2.3.5.RELEASE.jar;C:\Users\hamza.DESKTOP-F89DU6M\.m2\repository\org\springframework\boot\spring-boot-test-autoconfigure\2.3.5.RELEASE\spring-boot-test-autoconfigure-2.3.5.RELEASE.jar;C:\Users\hamza.DESKTOP-F89DU6M\.m2\repository\com\jayway\jsonpath\json-path\2.4.0\json-path-2.4.0.jar;C:\Users\hamza.DESKTOP-F89DU6M\.m2\repository\net\minidev\json-smart\2.3\json-smart-2.3.jar;C:\Users\hamza.DESKTOP-F89DU6M\.m2\repository\net\minidev\accessors-smart\1.2\accessors-smart-1.2.jar;C:\Users\hamza.DESKTOP-F89DU6M\.m2\repository\jakarta\xml\bind\jakarta.xml.bind-api\2.3.3\jakarta.xml.bind-api-2.3.3.jar;C:\Users\hamza.DESKTOP-F89DU6M\.m2\repository\jakarta\activation\jakarta.activation-api\1.2.2\jakarta.activation-api-1.2.2.jar;C:\Users\hamza.DESKTOP-F89DU6M\.m2\repository\org\assertj\assertj-core\3.16.1\assertj-core-3.16.1.jar;C:\Users\hamza.DESKTOP-F89DU6M\.m2\repository\org\hamcrest\hamcrest\2.2\hamcrest-2.2.jar;C:\Users\hamza.DESKTOP-F89DU6M\.m2\repository\org\junit\jupiter\junit-jupiter\5.6.3\junit-jupiter-5.6.3.jar;C:\Users\hamza.DESKTOP-F89DU6M\.m2\repository\org\junit\jupiter\junit-jupiter-api\5.6.3\junit-jupiter-api-5.6.3.jar;C:\Users\hamza.DESKTOP-F89DU6M\.m2\repository\org\opentest4j\opentest4j\1.2.0\opentest4j-1.2.0.jar;C:\Users\hamza.DESKTOP-F89DU6M\.m2\repository\org\junit\platform\junit-platform-commons\1.6.3\junit-platform-commons-1.6.3.jar;C:\Users\hamza.DESKTOP-F89DU6M\.m2\repository\org\junit\jupiter\junit-jupiter-params\5.6.3\junit-jupiter-params-5.6.3.jar;C:\Users\hamza.DESKTOP-F89DU6M\.m2\repository\org\junit\jupiter\junit-jupiter-engine\5.6.3\junit-jupiter-engine-5.6.3.jar;C:\Users\hamza.DESKTOP-F89DU6M\.m2\repository\org\junit\vintage\junit-vintage-engine\5.6.3\junit-vintage-engine-5.6.3.jar;C:\Users\hamza.DESKTOP-F89DU6M\.m2\repository\org\apiguardian\apiguardian-api\1.1.0\apiguardian-api-1.1.0.jar;C:\Users\hamza.DESKTOP-F89DU6M\.m2\repository\org\junit\platform\junit-platform-engine\1.6.3\junit-platform-engine-1.6.3.jar;C:\Users\hamza.DESKTOP-F89DU6M\.m2\repository\junit\junit\4.13.1\junit-4.13.1.jar;C:\Users\hamza.DESKTOP-F89DU6M\.m2\repository\org\mockito\mockito-core\3.3.3\mockito-core-3.3.3.jar;C:\Users\hamza.DESKTOP-F89DU6M\.m2\repository\net\bytebuddy\byte-buddy-agent\1.10.17\byte-buddy-agent-1.10.17.jar;C:\Users\hamza.DESKTOP-F89DU6M\.m2\repository\org\objenesis\objenesis\2.6\objenesis-2.6.jar;C:\Users\hamza.DESKTOP-F89DU6M\.m2\repository\org\mockito\mockito-junit-jupiter\3.3.3\mockito-junit-jupiter-3.3.3.jar;C:\Users\hamza.DESKTOP-F89DU6M\.m2\repository\org\skyscreamer\jsonassert\1.5.0\jsonassert-1.5.0.jar;C:\Users\hamza.DESKTOP-F89DU6M\.m2\repository\com\vaadin\external\google\android-json\0.0.20131108.vaadin1\android-json-0.0.20131108.vaadin1.jar;C:\Users\hamza.DESKTOP-F89DU6M\.m2\repository\org\springframework\spring-core\5.2.10.RELEASE\spring-core-5.2.10.RELEASE.jar;C:\Users\hamza.DESKTOP-F89DU6M\.m2\repository\org\springframework\spring-jcl\5.2.10.RELEASE\spring-jcl-5.2.10.RELEASE.jar;C:\Users\hamza.DESKTOP-F89DU6M\.m2\repository\org\springframework\spring-test\5.2.10.RELEASE\spring-test-5.2.10.RELEASE.jar;C:\Users\hamza.DESKTOP-F89DU6M\.m2\repository\org\xmlunit\xmlunit-core\2.7.0\xmlunit-core-2.7.0.jar;"/>
    <property name="sun.cpu.endian" value="little"/>
    <property name="user.home" value="C:\Users\hamza.DESKTOP-F89DU6M"/>
    <property name="user.language" value="fr"/>
    <property name="java.specification.vendor" value="Oracle Corporation"/>
    <property name="java.home" value="C:\Program Files\Java\jdk1.8.0_301\jre"/>
    <property name="basedir" value="C:\Users\hamza.DESKTOP-F89DU6M\workspace-sts-3.8.4.RELEASE\timesheet-ci"/>
    <property name="file.separator" value="\"/>
    <property name="line.separator" value="&#10;"/>
    <property name="java.vm.specification.vendor" value="Oracle Corporation"/>
    <property name="java.specification.name" value="Java Platform API Specification"/>
    <property name="java.awt.graphicsenv" value="sun.awt.Win32GraphicsEnvironment"/>
    <property name="surefire.real.class.path" value="C:\Users\HAMZA~1.DES\AppData\Local\Temp\surefire2905607566723853014\surefirebooter1587999708469525557.jar;C:\\Users\\hamza.DESKTOP-F89DU6M\\.m2\\repository\\org\\jacoco\\org.jacoco.agent\\0.8.6\\org.jacoco.agent-0.8.6-runtime.jar"/>
    <property name="sun.boot.class.path" value="C:\Program Files\Java\jdk1.8.0_301\jre\lib\resources.jar;C:\Program Files\Java\jdk1.8.0_301\jre\lib\rt.jar;C:\Program Files\Java\jdk1.8.0_301\jre\lib\sunrsasign.jar;C:\Program Files\Java\jdk1.8.0_301\jre\lib\jsse.jar;C:\Program Files\Java\jdk1.8.0_301\jre\lib\jce.jar;C:\Program Files\Java\jdk1.8.0_301\jre\lib\charsets.jar;C:\Program Files\Java\jdk1.8.0_301\jre\lib\jfr.jar;C:\Program Files\Java\jdk1.8.0_301\jre\classes"/>
    <property name="user.script" value=""/>
    <property name="sun.management.compiler" value="HotSpot 64-Bit Tiered Compilers"/>
    <property name="java.runtime.version" value="1.8.0_301-b09"/>
    <property name="user.name" value="hamza"/>
    <property name="path.separator" value=";"/>
    <property name="os.version" value="10.0"/>
    <property name="java.endorsed.dirs" value="C:\Program Files\Java\jdk1.8.0_301\jre\lib\endorsed"/>
    <property name="java.runtime.name" value="Java(TM) SE Runtime Environment"/>
    <property name="file.encoding" value="Cp1252"/>
    <property name="java.vm.name" value="Java HotSpot(TM) 64-Bit Server VM"/>
    <property name="localRepository" value="C:\Users\hamza.DESKTOP-F89DU6M\.m2\repository"/>
    <property name="java.vendor.url.bug" value="http://bugreport.sun.com/bugreport/"/>
    <property name="java.io.tmpdir" value="C:\Users\HAMZA~1.DES\AppData\Local\Temp\"/>
    <property name="java.version" value="1.8.0_301"/>
    <property name="user.dir" value="C:\Users\hamza.DESKTOP-F89DU6M\workspace-sts-3.8.4.RELEASE\timesheet-ci"/>
    <property name="os.arch" value="amd64"/>
    <property name="java.vm.specification.name" value="Java Virtual Machine Specification"/>
    <property name="java.awt.printerjob" value="sun.awt.windows.WPrinterJob"/>
    <property name="sun.os.patch.level" value=""/>
    <property name="java.library.path" value="C:\Program Files\Java\jdk1.8.0_301\jre\bin;C:\Windows\Sun\Java\bin;C:\Windows\system32;C:\Windows;C:/Program Files/Java/jdk1.8.0_301/bin/../jre/bin/server;C:/Program Files/Java/jdk1.8.0_301/bin/../jre/bin;C:/Program Files/Java/jdk1.8.0_301/bin/../jre/lib/amd64;C:\Program Files\Java\jdk1.8.0_301\bin;C:\HashiCorp\Vagrant\bin;C:\Windows\System32\WindowsPowerShell\v1.0\;C:\Program Files\apache-maven-3.8.2\bin;C:\Program Files (x86)\Microsoft SQL Server\110\DTS\Binn\;C:\Program Files (x86)\Microsoft SQL Server\110\Tools\Binn\;C:\Program Files (x86)\Microsoft SQL Server\110\Tools\Binn\ManagementStudio\;C:\Program Files (x86)\Microsoft Visual Studio 10.0\Common7\IDE\PrivateAssemblies\;C:\Program Files\Git\bin;C:\Program Files\Java\jdk1.8.0_301\bin;C:\Users\hamza.DESKTOP-F89DU6M\AppData\Local\Programs\Microsoft VS Code\bin;C:\HashiCorp\Vagrant\bin;;D:\Spring\SpringBoot\sts-bundle\sts-3.8.4.RELEASE;;."/>
    <property name="java.vm.info" value="mixed mode"/>
    <property name="java.vendor" value="Oracle Corporation"/>
    <property name="java.vm.version" value="25.301-b09"/>
    <property name="java.ext.dirs" value="C:\Program Files\Java\jdk1.8.0_301\jre\lib\ext;C:\Windows\Sun\Java\lib\ext"/>
    <property name="sun.io.unicode.encoding" value="UnicodeLittle"/>
    <property name="java.class.version" value="52.0"/>
  </properties>
  <testcase name="testRetrieveAllEmploye" classname="tn.esprit.spring.service.EmployeServiceImplTest" time="5.54">
    <failure message="expected:&lt;9&gt; but was:&lt;10&gt;" type="java.lang.AssertionError"><![CDATA[java.lang.AssertionError: expected:<9> but was:<10>
	at tn.esprit.spring.service.EmployeServiceImplTest.testRetrieveAllEmploye(EmployeServiceImplTest.java:34)
]]></failure>
    <system-out><![CDATA[17:25:57.734 [main] DEBUG org.springframework.test.context.junit4.SpringJUnit4ClassRunner - SpringJUnit4ClassRunner constructor called with [class tn.esprit.spring.service.EmployeServiceImplTest]
17:25:57.743 [main] DEBUG org.springframework.test.context.BootstrapUtils - Instantiating CacheAwareContextLoaderDelegate from class [org.springframework.test.context.cache.DefaultCacheAwareContextLoaderDelegate]
17:25:57.822 [main] DEBUG org.springframework.test.context.BootstrapUtils - Instantiating BootstrapContext using constructor [public org.springframework.test.context.support.DefaultBootstrapContext(java.lang.Class,org.springframework.test.context.CacheAwareContextLoaderDelegate)]
17:25:57.933 [main] DEBUG org.springframework.test.context.BootstrapUtils - Instantiating TestContextBootstrapper for test class [tn.esprit.spring.service.EmployeServiceImplTest] from class [org.springframework.boot.test.context.SpringBootTestContextBootstrapper]
17:25:58.033 [main] INFO org.springframework.boot.test.context.SpringBootTestContextBootstrapper - Neither @ContextConfiguration nor @ContextHierarchy found for test class [tn.esprit.spring.service.EmployeServiceImplTest], using SpringBootContextLoader
17:25:58.047 [main] DEBUG org.springframework.test.context.support.AbstractContextLoader - Did not detect default resource location for test class [tn.esprit.spring.service.EmployeServiceImplTest]: class path resource [tn/esprit/spring/service/EmployeServiceImplTest-context.xml] does not exist
17:25:58.048 [main] DEBUG org.springframework.test.context.support.AbstractContextLoader - Did not detect default resource location for test class [tn.esprit.spring.service.EmployeServiceImplTest]: class path resource [tn/esprit/spring/service/EmployeServiceImplTestContext.groovy] does not exist
17:25:58.050 [main] INFO org.springframework.test.context.support.AbstractContextLoader - Could not detect default resource locations for test class [tn.esprit.spring.service.EmployeServiceImplTest]: no resource found for suffixes {-context.xml, Context.groovy}.
17:25:58.052 [main] INFO org.springframework.test.context.support.AnnotationConfigContextLoaderUtils - Could not detect default configuration classes for test class [tn.esprit.spring.service.EmployeServiceImplTest]: EmployeServiceImplTest does not declare any static, non-private, non-final, nested classes annotated with @Configuration.
17:25:58.254 [main] DEBUG org.springframework.test.context.support.ActiveProfilesUtils - Could not find an 'annotation declaring class' for annotation type [org.springframework.test.context.ActiveProfiles] and class [tn.esprit.spring.service.EmployeServiceImplTest]
17:25:58.471 [main] DEBUG org.springframework.context.annotation.ClassPathScanningCandidateComponentProvider - Identified candidate component class: file [C:\Users\hamza.DESKTOP-F89DU6M\workspace-sts-3.8.4.RELEASE\timesheet-ci\target\classes\tn\esprit\spring\TimesheetApplication.class]
17:25:58.473 [main] INFO org.springframework.boot.test.context.SpringBootTestContextBootstrapper - Found @SpringBootConfiguration tn.esprit.spring.TimesheetApplication for test class tn.esprit.spring.service.EmployeServiceImplTest
17:25:58.834 [main] DEBUG org.springframework.boot.test.context.SpringBootTestContextBootstrapper - @TestExecutionListeners is not present for class [tn.esprit.spring.service.EmployeServiceImplTest]: using defaults.
17:25:58.835 [main] INFO org.springframework.boot.test.context.SpringBootTestContextBootstrapper - Loaded default TestExecutionListener class names from location [META-INF/spring.factories]: [org.springframework.boot.test.mock.mockito.MockitoTestExecutionListener, org.springframework.boot.test.mock.mockito.ResetMocksTestExecutionListener, org.springframework.boot.test.autoconfigure.restdocs.RestDocsTestExecutionListener, org.springframework.boot.test.autoconfigure.web.client.MockRestServiceServerResetTestExecutionListener, org.springframework.boot.test.autoconfigure.web.servlet.MockMvcPrintOnlyOnFailureTestExecutionListener, org.springframework.boot.test.autoconfigure.web.servlet.WebDriverTestExecutionListener, org.springframework.boot.test.autoconfigure.webservices.client.MockWebServiceServerTestExecutionListener, org.springframework.test.context.web.ServletTestExecutionListener, org.springframework.test.context.support.DirtiesContextBeforeModesTestExecutionListener, org.springframework.test.context.support.DependencyInjectionTestExecutionListener, org.springframework.test.context.support.DirtiesContextTestExecutionListener, org.springframework.test.context.transaction.TransactionalTestExecutionListener, org.springframework.test.context.jdbc.SqlScriptsTestExecutionListener, org.springframework.test.context.event.EventPublishingTestExecutionListener]
17:25:58.996 [main] INFO org.springframework.boot.test.context.SpringBootTestContextBootstrapper - Using TestExecutionListeners: [org.springframework.test.context.web.ServletTestExecutionListener@45297e7, org.springframework.test.context.support.DirtiesContextBeforeModesTestExecutionListener@4dd1548e, org.springframework.boot.test.mock.mockito.MockitoTestExecutionListener@54bb1194, org.springframework.boot.test.autoconfigure.SpringBootDependencyInjectionTestExecutionListener@1109730f, org.springframework.test.context.support.DirtiesContextTestExecutionListener@1f42366, org.springframework.test.context.transaction.TransactionalTestExecutionListener@46c662f2, org.springframework.test.context.jdbc.SqlScriptsTestExecutionListener@4afdfc0f, org.springframework.test.context.event.EventPublishingTestExecutionListener@10b67f54, org.springframework.boot.test.mock.mockito.ResetMocksTestExecutionListener@30798137, org.springframework.boot.test.autoconfigure.restdocs.RestDocsTestExecutionListener@455da438, org.springframework.boot.test.autoconfigure.web.client.MockRestServiceServerResetTestExecutionListener@60652518, org.springframework.boot.test.autoconfigure.web.servlet.MockMvcPrintOnlyOnFailureTestExecutionListener@438aaa9f, org.springframework.boot.test.autoconfigure.web.servlet.WebDriverTestExecutionListener@3f06ebe0, org.springframework.boot.test.autoconfigure.webservices.client.MockWebServiceServerTestExecutionListener@1752e45c]
17:25:58.999 [main] DEBUG org.springframework.test.annotation.ProfileValueUtils - Retrieved @ProfileValueSourceConfiguration [null] for test class [tn.esprit.spring.service.EmployeServiceImplTest]
17:25:59.001 [main] DEBUG org.springframework.test.annotation.ProfileValueUtils - Retrieved ProfileValueSource type [class org.springframework.test.annotation.SystemProfileValueSource] for class [tn.esprit.spring.service.EmployeServiceImplTest]
17:25:59.003 [main] DEBUG org.springframework.test.annotation.ProfileValueUtils - Retrieved @ProfileValueSourceConfiguration [null] for test class [tn.esprit.spring.service.EmployeServiceImplTest]
17:25:59.003 [main] DEBUG org.springframework.test.annotation.ProfileValueUtils - Retrieved ProfileValueSource type [class org.springframework.test.annotation.SystemProfileValueSource] for class [tn.esprit.spring.service.EmployeServiceImplTest]
17:25:59.042 [main] DEBUG org.springframework.test.annotation.ProfileValueUtils - Retrieved @ProfileValueSourceConfiguration [null] for test class [tn.esprit.spring.service.EmployeServiceImplTest]
17:25:59.043 [main] DEBUG org.springframework.test.annotation.ProfileValueUtils - Retrieved ProfileValueSource type [class org.springframework.test.annotation.SystemProfileValueSource] for class [tn.esprit.spring.service.EmployeServiceImplTest]
17:25:59.132 [main] DEBUG org.springframework.test.context.junit4.SpringJUnit4ClassRunner - SpringJUnit4ClassRunner constructor called with [class tn.esprit.spring.service.UserServiceImplTest]
17:25:59.132 [main] DEBUG org.springframework.test.context.BootstrapUtils - Instantiating CacheAwareContextLoaderDelegate from class [org.springframework.test.context.cache.DefaultCacheAwareContextLoaderDelegate]
17:25:59.133 [main] DEBUG org.springframework.test.context.BootstrapUtils - Instantiating BootstrapContext using constructor [public org.springframework.test.context.support.DefaultBootstrapContext(java.lang.Class,org.springframework.test.context.CacheAwareContextLoaderDelegate)]
17:25:59.134 [main] DEBUG org.springframework.test.context.BootstrapUtils - Instantiating TestContextBootstrapper for test class [tn.esprit.spring.service.UserServiceImplTest] from class [org.springframework.boot.test.context.SpringBootTestContextBootstrapper]
17:25:59.136 [main] INFO org.springframework.boot.test.context.SpringBootTestContextBootstrapper - Neither @ContextConfiguration nor @ContextHierarchy found for test class [tn.esprit.spring.service.UserServiceImplTest], using SpringBootContextLoader
17:25:59.137 [main] DEBUG org.springframework.test.context.support.AbstractContextLoader - Did not detect default resource location for test class [tn.esprit.spring.service.UserServiceImplTest]: class path resource [tn/esprit/spring/service/UserServiceImplTest-context.xml] does not exist
17:25:59.137 [main] DEBUG org.springframework.test.context.support.AbstractContextLoader - Did not detect default resource location for test class [tn.esprit.spring.service.UserServiceImplTest]: class path resource [tn/esprit/spring/service/UserServiceImplTestContext.groovy] does not exist
17:25:59.138 [main] INFO org.springframework.test.context.support.AbstractContextLoader - Could not detect default resource locations for test class [tn.esprit.spring.service.UserServiceImplTest]: no resource found for suffixes {-context.xml, Context.groovy}.
17:25:59.138 [main] INFO org.springframework.test.context.support.AnnotationConfigContextLoaderUtils - Could not detect default configuration classes for test class [tn.esprit.spring.service.UserServiceImplTest]: UserServiceImplTest does not declare any static, non-private, non-final, nested classes annotated with @Configuration.
17:25:59.141 [main] DEBUG org.springframework.test.context.support.ActiveProfilesUtils - Could not find an 'annotation declaring class' for annotation type [org.springframework.test.context.ActiveProfiles] and class [tn.esprit.spring.service.UserServiceImplTest]
17:25:59.142 [main] INFO org.springframework.boot.test.context.SpringBootTestContextBootstrapper - Found @SpringBootConfiguration tn.esprit.spring.TimesheetApplication for test class tn.esprit.spring.service.UserServiceImplTest
17:25:59.145 [main] DEBUG org.springframework.boot.test.context.SpringBootTestContextBootstrapper - @TestExecutionListeners is not present for class [tn.esprit.spring.service.UserServiceImplTest]: using defaults.
17:25:59.146 [main] INFO org.springframework.boot.test.context.SpringBootTestContextBootstrapper - Loaded default TestExecutionListener class names from location [META-INF/spring.factories]: [org.springframework.boot.test.mock.mockito.MockitoTestExecutionListener, org.springframework.boot.test.mock.mockito.ResetMocksTestExecutionListener, org.springframework.boot.test.autoconfigure.restdocs.RestDocsTestExecutionListener, org.springframework.boot.test.autoconfigure.web.client.MockRestServiceServerResetTestExecutionListener, org.springframework.boot.test.autoconfigure.web.servlet.MockMvcPrintOnlyOnFailureTestExecutionListener, org.springframework.boot.test.autoconfigure.web.servlet.WebDriverTestExecutionListener, org.springframework.boot.test.autoconfigure.webservices.client.MockWebServiceServerTestExecutionListener, org.springframework.test.context.web.ServletTestExecutionListener, org.springframework.test.context.support.DirtiesContextBeforeModesTestExecutionListener, org.springframework.test.context.support.DependencyInjectionTestExecutionListener, org.springframework.test.context.support.DirtiesContextTestExecutionListener, org.springframework.test.context.transaction.TransactionalTestExecutionListener, org.springframework.test.context.jdbc.SqlScriptsTestExecutionListener, org.springframework.test.context.event.EventPublishingTestExecutionListener]
17:25:59.146 [main] INFO org.springframework.boot.test.context.SpringBootTestContextBootstrapper - Using TestExecutionListeners: [org.springframework.test.context.web.ServletTestExecutionListener@580c17a0, org.springframework.test.context.support.DirtiesContextBeforeModesTestExecutionListener@29d2fa84, org.springframework.boot.test.mock.mockito.MockitoTestExecutionListener@4540c7, org.springframework.boot.test.autoconfigure.SpringBootDependencyInjectionTestExecutionListener@13c90c06, org.springframework.test.context.support.DirtiesContextTestExecutionListener@2bc0b8c8, org.springframework.test.context.transaction.TransactionalTestExecutionListener@15f861ee, org.springframework.test.context.jdbc.SqlScriptsTestExecutionListener@3f1158ee, org.springframework.test.context.event.EventPublishingTestExecutionListener@6463da36, org.springframework.boot.test.mock.mockito.ResetMocksTestExecutionListener@4a4b288a, org.springframework.boot.test.autoconfigure.restdocs.RestDocsTestExecutionListener@1c6ac73c, org.springframework.boot.test.autoconfigure.web.client.MockRestServiceServerResetTestExecutionListener@29892a77, org.springframework.boot.test.autoconfigure.web.servlet.MockMvcPrintOnlyOnFailureTestExecutionListener@5341e71a, org.springframework.boot.test.autoconfigure.web.servlet.WebDriverTestExecutionListener@405d8a80, org.springframework.boot.test.autoconfigure.webservices.client.MockWebServiceServerTestExecutionListener@ac4e690]
17:25:59.147 [main] DEBUG org.springframework.test.annotation.ProfileValueUtils - Retrieved @ProfileValueSourceConfiguration [null] for test class [tn.esprit.spring.service.UserServiceImplTest]
17:25:59.147 [main] DEBUG org.springframework.test.annotation.ProfileValueUtils - Retrieved ProfileValueSource type [class org.springframework.test.annotation.SystemProfileValueSource] for class [tn.esprit.spring.service.UserServiceImplTest]
17:25:59.147 [main] DEBUG org.springframework.test.annotation.ProfileValueUtils - Retrieved @ProfileValueSourceConfiguration [null] for test class [tn.esprit.spring.service.UserServiceImplTest]
17:25:59.148 [main] DEBUG org.springframework.test.annotation.ProfileValueUtils - Retrieved ProfileValueSource type [class org.springframework.test.annotation.SystemProfileValueSource] for class [tn.esprit.spring.service.UserServiceImplTest]
17:25:59.148 [main] DEBUG org.springframework.test.annotation.ProfileValueUtils - Retrieved @ProfileValueSourceConfiguration [null] for test class [tn.esprit.spring.service.UserServiceImplTest]
17:25:59.148 [main] DEBUG org.springframework.test.annotation.ProfileValueUtils - Retrieved ProfileValueSource type [class org.springframework.test.annotation.SystemProfileValueSource] for class [tn.esprit.spring.service.UserServiceImplTest]
17:25:59.158 [main] DEBUG org.springframework.test.context.junit4.SpringJUnit4ClassRunner - SpringJUnit4ClassRunner constructor called with [class tn.esprit.spring.service.EmployeServiceImplTest]
17:25:59.159 [main] DEBUG org.springframework.test.context.BootstrapUtils - Instantiating CacheAwareContextLoaderDelegate from class [org.springframework.test.context.cache.DefaultCacheAwareContextLoaderDelegate]
17:25:59.159 [main] DEBUG org.springframework.test.context.BootstrapUtils - Instantiating BootstrapContext using constructor [public org.springframework.test.context.support.DefaultBootstrapContext(java.lang.Class,org.springframework.test.context.CacheAwareContextLoaderDelegate)]
17:25:59.160 [main] DEBUG org.springframework.test.context.BootstrapUtils - Instantiating TestContextBootstrapper for test class [tn.esprit.spring.service.EmployeServiceImplTest] from class [org.springframework.boot.test.context.SpringBootTestContextBootstrapper]
17:25:59.161 [main] INFO org.springframework.boot.test.context.SpringBootTestContextBootstrapper - Neither @ContextConfiguration nor @ContextHierarchy found for test class [tn.esprit.spring.service.EmployeServiceImplTest], using SpringBootContextLoader
17:25:59.163 [main] DEBUG org.springframework.test.context.support.AbstractContextLoader - Did not detect default resource location for test class [tn.esprit.spring.service.EmployeServiceImplTest]: class path resource [tn/esprit/spring/service/EmployeServiceImplTest-context.xml] does not exist
17:25:59.163 [main] DEBUG org.springframework.test.context.support.AbstractContextLoader - Did not detect default resource location for test class [tn.esprit.spring.service.EmployeServiceImplTest]: class path resource [tn/esprit/spring/service/EmployeServiceImplTestContext.groovy] does not exist
17:25:59.164 [main] INFO org.springframework.test.context.support.AbstractContextLoader - Could not detect default resource locations for test class [tn.esprit.spring.service.EmployeServiceImplTest]: no resource found for suffixes {-context.xml, Context.groovy}.
17:25:59.164 [main] INFO org.springframework.test.context.support.AnnotationConfigContextLoaderUtils - Could not detect default configuration classes for test class [tn.esprit.spring.service.EmployeServiceImplTest]: EmployeServiceImplTest does not declare any static, non-private, non-final, nested classes annotated with @Configuration.
17:25:59.167 [main] DEBUG org.springframework.test.context.support.ActiveProfilesUtils - Could not find an 'annotation declaring class' for annotation type [org.springframework.test.context.ActiveProfiles] and class [tn.esprit.spring.service.EmployeServiceImplTest]
17:25:59.167 [main] INFO org.springframework.boot.test.context.SpringBootTestContextBootstrapper - Found @SpringBootConfiguration tn.esprit.spring.TimesheetApplication for test class tn.esprit.spring.service.EmployeServiceImplTest
17:25:59.171 [main] DEBUG org.springframework.boot.test.context.SpringBootTestContextBootstrapper - @TestExecutionListeners is not present for class [tn.esprit.spring.service.EmployeServiceImplTest]: using defaults.
17:25:59.171 [main] INFO org.springframework.boot.test.context.SpringBootTestContextBootstrapper - Loaded default TestExecutionListener class names from location [META-INF/spring.factories]: [org.springframework.boot.test.mock.mockito.MockitoTestExecutionListener, org.springframework.boot.test.mock.mockito.ResetMocksTestExecutionListener, org.springframework.boot.test.autoconfigure.restdocs.RestDocsTestExecutionListener, org.springframework.boot.test.autoconfigure.web.client.MockRestServiceServerResetTestExecutionListener, org.springframework.boot.test.autoconfigure.web.servlet.MockMvcPrintOnlyOnFailureTestExecutionListener, org.springframework.boot.test.autoconfigure.web.servlet.WebDriverTestExecutionListener, org.springframework.boot.test.autoconfigure.webservices.client.MockWebServiceServerTestExecutionListener, org.springframework.test.context.web.ServletTestExecutionListener, org.springframework.test.context.support.DirtiesContextBeforeModesTestExecutionListener, org.springframework.test.context.support.DependencyInjectionTestExecutionListener, org.springframework.test.context.support.DirtiesContextTestExecutionListener, org.springframework.test.context.transaction.TransactionalTestExecutionListener, org.springframework.test.context.jdbc.SqlScriptsTestExecutionListener, org.springframework.test.context.event.EventPublishingTestExecutionListener]
17:25:59.172 [main] INFO org.springframework.boot.test.context.SpringBootTestContextBootstrapper - Using TestExecutionListeners: [org.springframework.test.context.web.ServletTestExecutionListener@4fa5cc73, org.springframework.test.context.support.DirtiesContextBeforeModesTestExecutionListener@224e6e88, org.springframework.boot.test.mock.mockito.MockitoTestExecutionListener@70139a81, org.springframework.boot.test.autoconfigure.SpringBootDependencyInjectionTestExecutionListener@60f9dc7e, org.springframework.test.context.support.DirtiesContextTestExecutionListener@15e5246, org.springframework.test.context.transaction.TransactionalTestExecutionListener@503556cb, org.springframework.test.context.jdbc.SqlScriptsTestExecutionListener@3c9e19de, org.springframework.test.context.event.EventPublishingTestExecutionListener@12aa381f, org.springframework.boot.test.mock.mockito.ResetMocksTestExecutionListener@6115846e, org.springframework.boot.test.autoconfigure.restdocs.RestDocsTestExecutionListener@1bec1589, org.springframework.boot.test.autoconfigure.web.client.MockRestServiceServerResetTestExecutionListener@57f0bfc3, org.springframework.boot.test.autoconfigure.web.servlet.MockMvcPrintOnlyOnFailureTestExecutionListener@14590fe2, org.springframework.boot.test.autoconfigure.web.servlet.WebDriverTestExecutionListener@5922cff3, org.springframework.boot.test.autoconfigure.webservices.client.MockWebServiceServerTestExecutionListener@2299d903]
17:25:59.173 [main] DEBUG org.springframework.test.annotation.ProfileValueUtils - Retrieved @ProfileValueSourceConfiguration [null] for test class [tn.esprit.spring.service.EmployeServiceImplTest]
17:25:59.173 [main] DEBUG org.springframework.test.annotation.ProfileValueUtils - Retrieved ProfileValueSource type [class org.springframework.test.annotation.SystemProfileValueSource] for class [tn.esprit.spring.service.EmployeServiceImplTest]
17:25:59.173 [main] DEBUG org.springframework.test.annotation.ProfileValueUtils - Retrieved @ProfileValueSourceConfiguration [null] for test class [tn.esprit.spring.service.EmployeServiceImplTest]
17:25:59.174 [main] DEBUG org.springframework.test.annotation.ProfileValueUtils - Retrieved ProfileValueSource type [class org.springframework.test.annotation.SystemProfileValueSource] for class [tn.esprit.spring.service.EmployeServiceImplTest]
17:25:59.174 [main] DEBUG org.springframework.test.annotation.ProfileValueUtils - Retrieved @ProfileValueSourceConfiguration [null] for test class [tn.esprit.spring.service.EmployeServiceImplTest]
17:25:59.174 [main] DEBUG org.springframework.test.annotation.ProfileValueUtils - Retrieved ProfileValueSource type [class org.springframework.test.annotation.SystemProfileValueSource] for class [tn.esprit.spring.service.EmployeServiceImplTest]
17:25:59.175 [main] DEBUG org.springframework.test.context.junit4.SpringJUnit4ClassRunner - SpringJUnit4ClassRunner constructor called with [class tn.esprit.spring.service.UserServiceImplTest]
17:25:59.175 [main] DEBUG org.springframework.test.context.BootstrapUtils - Instantiating CacheAwareContextLoaderDelegate from class [org.springframework.test.context.cache.DefaultCacheAwareContextLoaderDelegate]
17:25:59.175 [main] DEBUG org.springframework.test.context.BootstrapUtils - Instantiating BootstrapContext using constructor [public org.springframework.test.context.support.DefaultBootstrapContext(java.lang.Class,org.springframework.test.context.CacheAwareContextLoaderDelegate)]
17:25:59.176 [main] DEBUG org.springframework.test.context.BootstrapUtils - Instantiating TestContextBootstrapper for test class [tn.esprit.spring.service.UserServiceImplTest] from class [org.springframework.boot.test.context.SpringBootTestContextBootstrapper]
17:25:59.177 [main] INFO org.springframework.boot.test.context.SpringBootTestContextBootstrapper - Neither @ContextConfiguration nor @ContextHierarchy found for test class [tn.esprit.spring.service.UserServiceImplTest], using SpringBootContextLoader
17:25:59.178 [main] DEBUG org.springframework.test.context.support.AbstractContextLoader - Did not detect default resource location for test class [tn.esprit.spring.service.UserServiceImplTest]: class path resource [tn/esprit/spring/service/UserServiceImplTest-context.xml] does not exist
17:25:59.178 [main] DEBUG org.springframework.test.context.support.AbstractContextLoader - Did not detect default resource location for test class [tn.esprit.spring.service.UserServiceImplTest]: class path resource [tn/esprit/spring/service/UserServiceImplTestContext.groovy] does not exist
17:25:59.178 [main] INFO org.springframework.test.context.support.AbstractContextLoader - Could not detect default resource locations for test class [tn.esprit.spring.service.UserServiceImplTest]: no resource found for suffixes {-context.xml, Context.groovy}.
17:25:59.178 [main] INFO org.springframework.test.context.support.AnnotationConfigContextLoaderUtils - Could not detect default configuration classes for test class [tn.esprit.spring.service.UserServiceImplTest]: UserServiceImplTest does not declare any static, non-private, non-final, nested classes annotated with @Configuration.
17:25:59.181 [main] DEBUG org.springframework.test.context.support.ActiveProfilesUtils - Could not find an 'annotation declaring class' for annotation type [org.springframework.test.context.ActiveProfiles] and class [tn.esprit.spring.service.UserServiceImplTest]
17:25:59.182 [main] INFO org.springframework.boot.test.context.SpringBootTestContextBootstrapper - Found @SpringBootConfiguration tn.esprit.spring.TimesheetApplication for test class tn.esprit.spring.service.UserServiceImplTest
17:25:59.185 [main] DEBUG org.springframework.boot.test.context.SpringBootTestContextBootstrapper - @TestExecutionListeners is not present for class [tn.esprit.spring.service.UserServiceImplTest]: using defaults.
17:25:59.185 [main] INFO org.springframework.boot.test.context.SpringBootTestContextBootstrapper - Loaded default TestExecutionListener class names from location [META-INF/spring.factories]: [org.springframework.boot.test.mock.mockito.MockitoTestExecutionListener, org.springframework.boot.test.mock.mockito.ResetMocksTestExecutionListener, org.springframework.boot.test.autoconfigure.restdocs.RestDocsTestExecutionListener, org.springframework.boot.test.autoconfigure.web.client.MockRestServiceServerResetTestExecutionListener, org.springframework.boot.test.autoconfigure.web.servlet.MockMvcPrintOnlyOnFailureTestExecutionListener, org.springframework.boot.test.autoconfigure.web.servlet.WebDriverTestExecutionListener, org.springframework.boot.test.autoconfigure.webservices.client.MockWebServiceServerTestExecutionListener, org.springframework.test.context.web.ServletTestExecutionListener, org.springframework.test.context.support.DirtiesContextBeforeModesTestExecutionListener, org.springframework.test.context.support.DependencyInjectionTestExecutionListener, org.springframework.test.context.support.DirtiesContextTestExecutionListener, org.springframework.test.context.transaction.TransactionalTestExecutionListener, org.springframework.test.context.jdbc.SqlScriptsTestExecutionListener, org.springframework.test.context.event.EventPublishingTestExecutionListener]
17:25:59.186 [main] INFO org.springframework.boot.test.context.SpringBootTestContextBootstrapper - Using TestExecutionListeners: [org.springframework.test.context.web.ServletTestExecutionListener@2c3f43d1, org.springframework.test.context.support.DirtiesContextBeforeModesTestExecutionListener@632d4cf2, org.springframework.boot.test.mock.mockito.MockitoTestExecutionListener@f10d055, org.springframework.boot.test.autoconfigure.SpringBootDependencyInjectionTestExecutionListener@542ff147, org.springframework.test.context.support.DirtiesContextTestExecutionListener@2d801d8, org.springframework.test.context.transaction.TransactionalTestExecutionListener@b9b97ad, org.springframework.test.context.jdbc.SqlScriptsTestExecutionListener@2807cf3, org.springframework.test.context.event.EventPublishingTestExecutionListener@298e002d, org.springframework.boot.test.mock.mockito.ResetMocksTestExecutionListener@6b9a1205, org.springframework.boot.test.autoconfigure.restdocs.RestDocsTestExecutionListener@3c6bd624, org.springframework.boot.test.autoconfigure.web.client.MockRestServiceServerResetTestExecutionListener@3d8d52be, org.springframework.boot.test.autoconfigure.web.servlet.MockMvcPrintOnlyOnFailureTestExecutionListener@645ba24a, org.springframework.boot.test.autoconfigure.web.servlet.WebDriverTestExecutionListener@5f6a8efe, org.springframework.boot.test.autoconfigure.webservices.client.MockWebServiceServerTestExecutionListener@3dd2b9c1]
17:25:59.187 [main] DEBUG org.springframework.test.annotation.ProfileValueUtils - Retrieved @ProfileValueSourceConfiguration [null] for test class [tn.esprit.spring.service.UserServiceImplTest]
17:25:59.187 [main] DEBUG org.springframework.test.annotation.ProfileValueUtils - Retrieved ProfileValueSource type [class org.springframework.test.annotation.SystemProfileValueSource] for class [tn.esprit.spring.service.UserServiceImplTest]
17:25:59.188 [main] DEBUG org.springframework.test.annotation.ProfileValueUtils - Retrieved @ProfileValueSourceConfiguration [null] for test class [tn.esprit.spring.service.UserServiceImplTest]
17:25:59.188 [main] DEBUG org.springframework.test.annotation.ProfileValueUtils - Retrieved ProfileValueSource type [class org.springframework.test.annotation.SystemProfileValueSource] for class [tn.esprit.spring.service.UserServiceImplTest]
17:25:59.188 [main] DEBUG org.springframework.test.annotation.ProfileValueUtils - Retrieved @ProfileValueSourceConfiguration [null] for test class [tn.esprit.spring.service.UserServiceImplTest]
17:25:59.188 [main] DEBUG org.springframework.test.annotation.ProfileValueUtils - Retrieved ProfileValueSource type [class org.springframework.test.annotation.SystemProfileValueSource] for class [tn.esprit.spring.service.UserServiceImplTest]
17:25:59.408 [main] DEBUG org.springframework.test.annotation.ProfileValueUtils - Retrieved @ProfileValueSourceConfiguration [null] for test class [tn.esprit.spring.service.EmployeServiceImplTest]
17:25:59.408 [main] DEBUG org.springframework.test.annotation.ProfileValueUtils - Retrieved ProfileValueSource type [class org.springframework.test.annotation.SystemProfileValueSource] for class [tn.esprit.spring.service.EmployeServiceImplTest]
17:25:59.412 [main] DEBUG org.springframework.test.annotation.ProfileValueUtils - Retrieved @ProfileValueSourceConfiguration [null] for test class [tn.esprit.spring.service.EmployeServiceImplTest]
17:25:59.413 [main] DEBUG org.springframework.test.annotation.ProfileValueUtils - Retrieved ProfileValueSource type [class org.springframework.test.annotation.SystemProfileValueSource] for class [tn.esprit.spring.service.EmployeServiceImplTest]
17:25:59.414 [main] DEBUG org.springframework.test.annotation.ProfileValueUtils - Retrieved @ProfileValueSourceConfiguration [null] for test class [tn.esprit.spring.service.EmployeServiceImplTest]
17:25:59.414 [main] DEBUG org.springframework.test.annotation.ProfileValueUtils - Retrieved ProfileValueSource type [class org.springframework.test.annotation.SystemProfileValueSource] for class [tn.esprit.spring.service.EmployeServiceImplTest]
17:25:59.423 [main] DEBUG org.springframework.test.context.support.AbstractDirtiesContextTestExecutionListener - Before test class: context [DefaultTestContext@3220c28 testClass = EmployeServiceImplTest, testInstance = [null], testMethod = [null], testException = [null], mergedContextConfiguration = [WebMergedContextConfiguration@6ae42248 testClass = EmployeServiceImplTest, locations = '{}', classes = '{class tn.esprit.spring.TimesheetApplication}', contextInitializerClasses = '[]', activeProfiles = '{}', propertySourceLocations = '{}', propertySourceProperties = '{org.springframework.boot.test.context.SpringBootTestContextBootstrapper=true}', contextCustomizers = set[org.springframework.boot.test.context.filter.ExcludeFilterContextCustomizer@30ca0779, org.springframework.boot.test.json.DuplicateJsonObjectContextCustomizerFactory$DuplicateJsonObjectContextCustomizer@6f70a21b, org.springframework.boot.test.mock.mockito.MockitoContextCustomizer@0, org.springframework.boot.test.web.client.TestRestTemplateContextCustomizer@43f9dd56, org.springframework.boot.test.autoconfigure.properties.PropertyMappingContextCustomizer@0, org.springframework.boot.test.autoconfigure.web.servlet.WebDriverContextCustomizerFactory$Customizer@6fc6deb7, org.springframework.boot.test.context.SpringBootTestArgs@1, org.springframework.boot.test.context.SpringBootTestWebEnvironment@29138d3a], resourceBasePath = 'src/main/webapp', contextLoader = 'org.springframework.boot.test.context.SpringBootContextLoader', parent = [null]], attributes = map['org.springframework.test.context.web.ServletTestExecutionListener.activateListener' -> true]], class annotated with @DirtiesContext [false] with mode [null].
17:25:59.425 [main] DEBUG org.springframework.test.annotation.ProfileValueUtils - Retrieved @ProfileValueSourceConfiguration [null] for test class [tn.esprit.spring.service.EmployeServiceImplTest]
17:25:59.426 [main] DEBUG org.springframework.test.annotation.ProfileValueUtils - Retrieved ProfileValueSource type [class org.springframework.test.annotation.SystemProfileValueSource] for class [tn.esprit.spring.service.EmployeServiceImplTest]
17:25:59.512 [main] DEBUG org.springframework.test.context.support.TestPropertySourceUtils - Adding inlined properties to environment: {spring.jmx.enabled=false, org.springframework.boot.test.context.SpringBootTestContextBootstrapper=true}

  .   ____          _            __ _ _
 /\\ / ___'_ __ _ _(_)_ __  __ _ \ \ \ \
( ( )\___ | '_ | '_| | '_ \/ _` | \ \ \ \
 \\/  ___)| |_)| | | | | || (_| |  ) ) ) )
  '  |____| .__|_| |_|_| |_\__, | / / / /
 =========|_|==============|___/=/_/_/_/
 :: Spring Boot ::        (v2.3.5.RELEASE)

2021-10-21 17:26:01 - INFO  - tn.esprit.spring.service.EmployeServiceImplTest - Starting EmployeServiceImplTest on DESKTOP-F89DU6M with PID 21628 (started by hamza in C:\Users\hamza.DESKTOP-F89DU6M\workspace-sts-3.8.4.RELEASE\timesheet-ci)
2021-10-21 17:26:01 - INFO  - tn.esprit.spring.service.EmployeServiceImplTest - No active profile set, falling back to default profiles: default
2021-10-21 17:26:05 - INFO  - org.hibernate.jpa.internal.util.LogHelper - HHH000204: Processing PersistenceUnitInfo [name: default]
2021-10-21 17:26:05 - INFO  - org.hibernate.Version - HHH000412: Hibernate ORM core version 5.4.22.Final
2021-10-21 17:26:06 - WARN  - o.s.b.a.orm.jpa.JpaBaseConfiguration$JpaWebConfiguration - spring.jpa.open-in-view is enabled by default. Therefore, database queries may be performed during view rendering. Explicitly configure spring.jpa.open-in-view to disable this warning
2021-10-21 17:26:06 - INFO  - org.hibernate.annotations.common.Version - HCANN000001: Hibernate Commons Annotations {5.1.0.Final}
2021-10-21 17:26:09 - INFO  - org.hibernate.dialect.Dialect - HHH000400: Using dialect: org.hibernate.dialect.MySQL5InnoDBDialect
2021-10-21 17:26:20 - INFO  - o.h.e.transaction.jta.platform.internal.JtaPlatformInitiator - HHH000490: Using JtaPlatform implementation: [org.hibernate.engine.transaction.jta.platform.internal.NoJtaPlatform]
2021-10-21 17:26:23 - INFO  - tn.esprit.spring.service.EmployeServiceImplTest - Started EmployeServiceImplTest in 23.897 seconds (JVM running for 28.401)
2021-10-21 17:26:25 - INFO  - tn.esprit.spring.services.EmployeServiceImpl - In retrieveAllUsers() : 
Hibernate: select employe0_.id as id1_3_, employe0_.actif as actif2_3_, employe0_.contrat_reference as contrat_8_3_, employe0_.email as email3_3_, employe0_.nom as nom4_3_, employe0_.password as password5_3_, employe0_.prenom as prenom6_3_, employe0_.role as role7_3_ from employe employe0_
2021-10-21 17:26:29 - INFO  - tn.esprit.spring.services.EmployeServiceImpl - Out of retrieveAllEmploye() : 
]]></system-out>
  </testcase>
  <testcase name="testModifyEmploye" classname="tn.esprit.spring.service.EmployeServiceImplTest" time="0.307"/>
  <testcase name="testAddEmploye" classname="tn.esprit.spring.service.EmployeServiceImplTest" time="0.97"/>
  <testcase name="testDeleteUser" classname="tn.esprit.spring.service.EmployeServiceImplTest" time="0.113">
    <error message="No class tn.esprit.spring.entities.Employe entity with id 2 exists!" type="org.springframework.dao.EmptyResultDataAccessException">org.springframework.dao.EmptyResultDataAccessException: No class tn.esprit.spring.entities.Employe entity with id 2 exists!
	at tn.esprit.spring.service.EmployeServiceImplTest.testDeleteUser(EmployeServiceImplTest.java:60)
</error>
    <system-out><![CDATA[Hibernate: select employe0_.id as id1_3_0_, employe0_.actif as actif2_3_0_, employe0_.contrat_reference as contrat_8_3_0_, employe0_.email as email3_3_0_, employe0_.nom as nom4_3_0_, employe0_.password as password5_3_0_, employe0_.prenom as prenom6_3_0_, employe0_.role as role7_3_0_, contrat1_.reference as referenc1_0_1_, contrat1_.date_debut as date_deb2_0_1_, contrat1_.salaire as salaire3_0_1_, contrat1_.type_contrat as type_con4_0_1_ from employe employe0_ left outer join contrat contrat1_ on employe0_.contrat_reference=contrat1_.reference where employe0_.id=?
]]></system-out>
  </testcase>
  <testcase name="testRetrieveUser" classname="tn.esprit.spring.service.EmployeServiceImplTest" time="0.015"/>
</testsuite>